#
# A fatal error has been detected by the Java Runtime Environment:
#
#  EXCEPTION_PRIV_INSTRUCTION (0xc0000096) at pc=0x000001f868788e7d, pid=24176, tid=20932
#
# JRE version: OpenJDK Runtime Environment (13.0+33) (build 13+33)
# Java VM: OpenJDK 64-Bit Server VM (13+33, mixed mode, sharing, tiered, compressed oops, g1 gc, windows-amd64)
# Problematic frame:
# j  org.thirteen.datamation.core.generate.po.RentalStockPO.toString()Ljava/lang/String;+2
#
# No core dump will be written. Minidumps are not enabled by default on client versions of Windows
#
# If you would like to submit a bug report, please visit:
#   http://bugreport.java.com/bugreport/crash.jsp
#

---------------  S U M M A R Y ------------

Command Line: -agentlib:jdwp=transport=dt_socket,address=127.0.0.1:53590,suspend=y,server=n -XX:TieredStopAtLevel=1 -Xverify:none -Dspring.output.ansi.enabled=always -Dcom.sun.management.jmxremote -Dspring.jmx.enabled=true -Dspring.liveBeansView.mbeanDomain -Dspring.application.admin.enabled=true -javaagent:C:\Users\64554\AppData\Local\JetBrains\IntelliJIdea2020.1\captureAgent\debugger-agent.jar -Dfile.encoding=UTF-8 org.thirteen.datamation.DatamationAppilcation

Host: AMD Ryzen 7 4800H with Radeon Graphics         , 16 cores, 15G,  Windows 10 , 64 bit Build 18362 (10.0.18362.959)
Time: Tue Sep 22 16:50:17 2020 ?D1¨²¡À¨º¡Á?¨º¡À?? elapsed time: 12 seconds (0d 0h 0m 12s)

---------------  T H R E A D  ---------------

Current thread (0x000001f8086a9000):  JavaThread "http-nio-8080-exec-1" daemon [_thread_in_Java, id=20932, stack(0x000000647cf00000,0x000000647d000000)]

Stack: [0x000000647cf00000,0x000000647d000000],  sp=0x000000647cffc610,  free space=1009k
Native frames: (J=compiled Java code, j=interpreted, Vv=VM code, C=native code)
C  0x000001f868788e7d


siginfo: EXCEPTION_PRIV_INSTRUCTION (0xc0000096)


Register to memory mapping:

RIP=0x000001f868788e7d is at code_begin+253 in an Interpreter codelet
error exits  [0x000001f868788d80, 0x000001f868788e80]  256 bytes
RAX=0x0 is NULL
RBX=0x0000000000000060 is an unknown value
RCX=0x00000000ffffffff is an unknown value
RDX=0x0000000000000001 is an unknown value
RSP=0x000000647cffc610 is pointing into the stack for thread: 0x000001f8086a9000
RBP=0x000000647cffc6e0 is pointing into the stack for thread: 0x000001f8086a9000
RSI=0x000000647cffcb80 is pointing into the stack for thread: 0x000001f8086a9000
RDI=0x0000000000000001 is an unknown value
R8 =0x0000000000000061 is an unknown value
R9 =0x0000000000000061 is an unknown value
R10=0x0 is NULL
R11=0x0000000000000061 is an unknown value
R12=0x0 is NULL
R13=0x000001f80a61b58c is pointing into metadata
R14=0x000000647cffc6f0 is pointing into the stack for thread: 0x000001f8086a9000
R15=0x000001f8086a9000 is a thread


Registers:
RAX=0x0000000000000000, RBX=0x0000000000000060, RCX=0x00000000ffffffff, RDX=0x0000000000000001
RSP=0x000000647cffc610, RBP=0x000000647cffc6e0, RSI=0x000000647cffcb80, RDI=0x0000000000000001
R8 =0x0000000000000061, R9 =0x0000000000000061, R10=0x0000000000000000, R11=0x0000000000000061
R12=0x0000000000000000, R13=0x000001f80a61b58c, R14=0x000000647cffc6f0, R15=0x000001f8086a9000
RIP=0x000001f868788e7d, EFLAGS=0x0000000000010206

Top of Stack: (sp=0x000000647cffc610)
0x000000647cffc610:   000001f8086a9000 0000000000000060
0x000000647cffc620:   000000647cffc6e0 000000647cffcb80
0x000000647cffc630:   000001f80a61b5c0 00007ff879a02a50
0x000000647cffc640:   0000000000000008 0000000000000008
0x000000647cffc650:   0000000000000001 000000647cffcb80
0x000000647cffc660:   000000647cffc6e0 000000647cffc690
0x000000647cffc670:   0000000000000060 0000000709af57e8
0x000000647cffc680:   0000000000000000 000000070c501748
0x000000647cffc690:   000000070c5016e8 000000647cffc698
0x000000647cffc6a0:   000001f80a61b58a 000000647cffc6f0
0x000000647cffc6b0:   000001f80a633d58 0000000000000000
0x000000647cffc6c0:   000000070b995470 000001f80a61b5c0
0x000000647cffc6d0:   0000000000000000 000000647cffc6f0
0x000000647cffc6e0:   000000647cffc8d0 000001f868780f90
0x000000647cffc6f0:   000000070c6f9628 000000070c85e790
0x000000647cffc700:   0000000709900000 deaddeaf00000001 

Instructions: (pc=0x000001f868788e7d)
0x000001f868788d7d:   00 00 00 48 89 64 24 d8 48 81 ec 80 00 00 00 48
0x000001f868788d8d:   89 44 24 78 48 89 4c 24 70 48 89 54 24 68 48 89
0x000001f868788d9d:   5c 24 60 48 89 6c 24 50 48 89 74 24 48 48 89 7c
0x000001f868788dad:   24 40 4c 89 44 24 38 4c 89 4c 24 30 4c 89 54 24
0x000001f868788dbd:   28 4c 89 5c 24 20 4c 89 64 24 18 4c 89 6c 24 10
0x000001f868788dcd:   4c 89 74 24 08 4c 89 3c 24 48 b9 60 9e 82 79 f8
0x000001f868788ddd:   7f 00 00 48 ba 80 8d 78 68 f8 01 00 00 4c 8b c4
0x000001f868788ded:   48 83 e4 f0 49 ba b0 ed 4b 79 f8 7f 00 00 41 ff
0x000001f868788dfd:   d2 f4 48 89 64 24 d8 48 81 ec 80 00 00 00 48 89
0x000001f868788e0d:   44 24 78 48 89 4c 24 70 48 89 54 24 68 48 89 5c
0x000001f868788e1d:   24 60 48 89 6c 24 50 48 89 74 24 48 48 89 7c 24
0x000001f868788e2d:   40 4c 89 44 24 38 4c 89 4c 24 30 4c 89 54 24 28
0x000001f868788e3d:   4c 89 5c 24 20 4c 89 64 24 18 4c 89 6c 24 10 4c
0x000001f868788e4d:   89 74 24 08 4c 89 3c 24 48 b9 78 9e 82 79 f8 7f
0x000001f868788e5d:   00 00 48 ba ff 8d 78 68 f8 01 00 00 4c 8b c4 48
0x000001f868788e6d:   83 e4 f0 49 ba b0 ed 4b 79 f8 7f 00 00 41 ff d2
0x000001f868788e7d:   f4 66 90 c0 21 00 00 00 00 00 00 a8 9e 82 79 f8
0x000001f868788e8d:   7f 00 00 ff ff ff ff 00 00 00 00 00 00 00 00 00
0x000001f868788e9d:   00 00 00 48 8b 65 f0 48 c7 45 f0 00 00 00 00 4c
0x000001f868788ead:   8b 6d c0 4c 8b 75 c8 41 0f b7 4d 01 48 8b 5d d0
0x000001f868788ebd:   c1 e1 02 8b 5c cb 38 81 e3 ff 00 00 00 48 8d 24
0x000001f868788ecd:   dc 41 8b 8f 1c 04 00 00 f7 c1 01 00 00 00 0f 84
0x000001f868788edd:   49 00 00 00 f7 c1 02 00 00 00 0f 85 3d 00 00 00
0x000001f868788eed:   48 83 ec 20 f7 c4 0f 00 00 00 0f 84 1a 00 00 00
0x000001f868788efd:   48 83 ec 08 49 ba 20 4e 2c 79 f8 7f 00 00 41 ff
0x000001f868788f0d:   d2 48 83 c4 08 e9 0d 00 00 00 49 ba 20 4e 2c 79
0x000001f868788f1d:   f8 7f 00 00 41 ff d2 48 83 c4 20 ff e0 49 8b 8f
0x000001f868788f2d:   58 04 00 00 48 85 c9 0f 84 53 00 00 00 8b 49 74
0x000001f868788f3d:   83 f9 01 0f 85 47 00 00 00 49 8b 8f 58 04 00 00
0x000001f868788f4d:   8b 49 78 48 83 ec 20 f7 c4 0f 00 00 00 0f 84 1a
0x000001f868788f5d:   00 00 00 48 83 ec 08 49 ba 10 4e 2c 79 f8 7f 00
0x000001f868788f6d:   00 41 ff d2 48 83 c4 08 e9 0d 00 00 00 49 ba 10 


Stack slot to memory mapping:
stack at sp + 0 slots: 0x000001f8086a9000 is a thread
stack at sp + 1 slots: 0x0000000000000060 is an unknown value
stack at sp + 2 slots: 0x000000647cffc6e0 is pointing into the stack for thread: 0x000001f8086a9000
stack at sp + 3 slots: 0x000000647cffcb80 is pointing into the stack for thread: 0x000001f8086a9000
stack at sp + 4 slots: {method} {0x000001f80a61b5c8} 'toString' '()Ljava/lang/String;' in 'org/thirteen/datamation/core/generate/po/RentalStockPO'
stack at sp + 5 slots: 0x00007ff879a02a50 jvm.dll
stack at sp + 6 slots: 0x0000000000000008 is an unknown value
stack at sp + 7 slots: 0x0000000000000008 is an unknown value

error exits  [0x000001f868788d80, 0x000001f868788e80]  256 bytes
[MachCode]
  0x000001f868788d80: 4889 6424 | d848 81ec | 8000 0000 | 4889 4424 | 7848 894c | 2470 4889 | 5424 6848 | 895c 2460 
  0x000001f868788da0: 4889 6c24 | 5048 8974 | 2448 4889 | 7c24 404c | 8944 2438 | 4c89 4c24 | 304c 8954 | 2428 4c89 
  0x000001f868788dc0: 5c24 204c | 8964 2418 | 4c89 6c24 | 104c 8974 | 2408 4c89 | 3c24 48b9 | 609e 8279 | f87f 0000 
  0x000001f868788de0: 48ba 808d | 7868 f801 | 0000 4c8b | c448 83e4 | f049 bab0 | ed4b 79f8 | 7f00 0041 | ffd2 f448 
  0x000001f868788e00: 8964 24d8 | 4881 ec80 | 0000 0048 | 8944 2478 | 4889 4c24 | 7048 8954 | 2468 4889 | 5c24 6048 
  0x000001f868788e20: 896c 2450 | 4889 7424 | 4848 897c | 2440 4c89 | 4424 384c | 894c 2430 | 4c89 5424 | 284c 895c 
  0x000001f868788e40: 2420 4c89 | 6424 184c | 896c 2410 | 4c89 7424 | 084c 893c | 2448 b978 | 9e82 79f8 | 7f00 0048 
  0x000001f868788e60: baff 8d78 | 68f8 0100 | 004c 8bc4 | 4883 e4f0 | 49ba b0ed | 4b79 f87f | 0000 41ff | d2f4 6690 
[/MachCode]

---------------  P R O C E S S  ---------------

Threads class SMR info:
_java_thread_list=0x000001f80850e700, length=34, elements={
0x000001f8043cb000, 0x000001f8043ce000, 0x000001f8043ed800, 0x000001f8043ef800,
0x000001f8043f0800, 0x000001f805455000, 0x000001f805536000, 0x000001f80556f000,
0x000001f805589000, 0x000001f80558a800, 0x000001f80598a000, 0x000001f805b66800,
0x000001f8066f4000, 0x000001f80697b000, 0x000001f807274000, 0x000001f807285800,
0x000001f807286000, 0x000001f80728b000, 0x000001f807dc1000, 0x000001f8086a8800,
0x000001f8086a9000, 0x000001f8086ae000, 0x000001f8086aa000, 0x000001f8086aa800,
0x000001f8086ab800, 0x000001f8086ac800, 0x000001f8086ad000, 0x000001f8086af000,
0x000001f8088a1000, 0x000001f8088a3000, 0x000001f8088a2000, 0x000001f80889f000,
0x000001f8088a3800, 0x000001f8088a0800
}

Java Threads: ( => current thread )
  0x000001f8043cb000 JavaThread "Reference Handler" daemon [_thread_blocked, id=6736, stack(0x000000647af00000,0x000000647b000000)]
  0x000001f8043ce000 JavaThread "Finalizer" daemon [_thread_blocked, id=6936, stack(0x000000647b000000,0x000000647b100000)]
  0x000001f8043ed800 JavaThread "Signal Dispatcher" daemon [_thread_blocked, id=17172, stack(0x000000647b100000,0x000000647b200000)]
  0x000001f8043ef800 JavaThread "Attach Listener" daemon [_thread_blocked, id=10164, stack(0x000000647b200000,0x000000647b300000)]
  0x000001f8043f0800 JavaThread "C1 CompilerThread0" daemon [_thread_blocked, id=7992, stack(0x000000647b300000,0x000000647b400000)]
  0x000001f805455000 JavaThread "Sweeper thread" daemon [_thread_blocked, id=23976, stack(0x000000647b400000,0x000000647b500000)]
  0x000001f805536000 JavaThread "Common-Cleaner" daemon [_thread_blocked, id=12884, stack(0x000000647b500000,0x000000647b600000)]
  0x000001f80556f000 JavaThread "JDWP Transport Listener: dt_socket" daemon [_thread_blocked, id=11900, stack(0x000000647b600000,0x000000647b700000)]
  0x000001f805589000 JavaThread "JDWP Event Helper Thread" daemon [_thread_blocked, id=11772, stack(0x000000647b700000,0x000000647b800000)]
  0x000001f80558a800 JavaThread "JDWP Command Reader" daemon [_thread_in_native, id=15324, stack(0x000000647b800000,0x000000647b900000)]
  0x000001f80598a000 JavaThread "Service Thread" daemon [_thread_blocked, id=10208, stack(0x000000647b900000,0x000000647ba00000)]
  0x000001f805b66800 JavaThread "RMI TCP Accept-0" daemon [_thread_blocked, id=14916, stack(0x000000647ba00000,0x000000647bb00000)]
  0x000001f8066f4000 JavaThread "RMI TCP Connection(1)-192.168.1.126" daemon [_thread_blocked, id=9004, stack(0x000000647c100000,0x000000647c200000)]
  0x000001f80697b000 JavaThread "RMI Scheduler(0)" daemon [_thread_blocked, id=2336, stack(0x000000647c000000,0x000000647c100000)]
  0x000001f807274000 JavaThread "Catalina-utility-1" [_thread_blocked, id=5528, stack(0x000000647c400000,0x000000647c500000)]
  0x000001f807285800 JavaThread "Catalina-utility-2" [_thread_blocked, id=1384, stack(0x000000647c500000,0x000000647c600000)]
  0x000001f807286000 JavaThread "container-0" [_thread_blocked, id=6316, stack(0x000000647c600000,0x000000647c700000)]
  0x000001f80728b000 JavaThread "mysql-cj-abandoned-connection-cleanup" daemon [_thread_blocked, id=13096, stack(0x000000647c700000,0x000000647c800000)]
  0x000001f807dc1000 JavaThread "HikariPool-1 housekeeper" daemon [_thread_blocked, id=312, stack(0x000000647cc00000,0x000000647cd00000)]
  0x000001f8086a8800 JavaThread "http-nio-8080-BlockPoller" daemon [_thread_in_native, id=13256, stack(0x000000647ce00000,0x000000647cf00000)]
=>0x000001f8086a9000 JavaThread "http-nio-8080-exec-1" daemon [_thread_in_Java, id=20932, stack(0x000000647cf00000,0x000000647d000000)]
  0x000001f8086ae000 JavaThread "http-nio-8080-exec-2" daemon [_thread_blocked, id=14500, stack(0x000000647d000000,0x000000647d100000)]
  0x000001f8086aa000 JavaThread "http-nio-8080-exec-3" daemon [_thread_blocked, id=5860, stack(0x000000647d100000,0x000000647d200000)]
  0x000001f8086aa800 JavaThread "http-nio-8080-exec-4" daemon [_thread_blocked, id=17316, stack(0x000000647d200000,0x000000647d300000)]
  0x000001f8086ab800 JavaThread "http-nio-8080-exec-5" daemon [_thread_blocked, id=2432, stack(0x000000647d300000,0x000000647d400000)]
  0x000001f8086ac800 JavaThread "http-nio-8080-exec-6" daemon [_thread_blocked, id=6584, stack(0x000000647d400000,0x000000647d500000)]
  0x000001f8086ad000 JavaThread "http-nio-8080-exec-7" daemon [_thread_blocked, id=22100, stack(0x000000647d500000,0x000000647d600000)]
  0x000001f8086af000 JavaThread "http-nio-8080-exec-8" daemon [_thread_blocked, id=8416, stack(0x000000647d600000,0x000000647d700000)]
  0x000001f8088a1000 JavaThread "http-nio-8080-exec-9" daemon [_thread_blocked, id=15128, stack(0x000000647d700000,0x000000647d800000)]
  0x000001f8088a3000 JavaThread "http-nio-8080-exec-10" daemon [_thread_blocked, id=2708, stack(0x000000647d800000,0x000000647d900000)]
  0x000001f8088a2000 JavaThread "http-nio-8080-ClientPoller" daemon [_thread_in_native, id=9340, stack(0x000000647d900000,0x000000647da00000)]
  0x000001f80889f000 JavaThread "http-nio-8080-Acceptor" daemon [_thread_in_native, id=7448, stack(0x000000647da00000,0x000000647db00000)]
  0x000001f8088a3800 JavaThread "DestroyJavaVM" [_thread_blocked, id=18508, stack(0x000000647a800000,0x000000647a900000)]
  0x000001f8088a0800 JavaThread "RMI TCP Connection(2)-192.168.1.126" daemon [_thread_blocked, id=22216, stack(0x000000647db00000,0x000000647dc00000)]

Other Threads:
  0x000001f8043ca000 VMThread "VM Thread" [stack: 0x000000647ae00000,0x000000647af00000] [id=6028]
  0x000001f805b5d800 WatcherThread [stack: 0x000000647bb00000,0x000000647bc00000] [id=23008]
  0x000001f85eb27800 GCTaskThread "GC Thread#0" [stack: 0x000000647a900000,0x000000647aa00000] [id=14320]
  0x000001f805f2f800 GCTaskThread "GC Thread#1" [stack: 0x000000647bc00000,0x000000647bd00000] [id=14820]
  0x000001f805c7b800 GCTaskThread "GC Thread#2" [stack: 0x000000647bd00000,0x000000647be00000] [id=12936]
  0x000001f805ef3800 GCTaskThread "GC Thread#3" [stack: 0x000000647be00000,0x000000647bf00000] [id=24068]
  0x000001f805f3c000 GCTaskThread "GC Thread#4" [stack: 0x000000647bf00000,0x000000647c000000] [id=11200]
  0x000001f807054000 GCTaskThread "GC Thread#5" [stack: 0x000000647c800000,0x000000647c900000] [id=11800]
  0x000001f80708e800 GCTaskThread "GC Thread#6" [stack: 0x000000647c900000,0x000000647ca00000] [id=9564]
  0x000001f80708f000 GCTaskThread "GC Thread#7" [stack: 0x000000647ca00000,0x000000647cb00000] [id=5348]
  0x000001f85eb48000 ConcurrentGCThread "G1 Main Marker" [stack: 0x000000647aa00000,0x000000647ab00000] [id=10512]
  0x000001f85eb49800 ConcurrentGCThread "G1 Conc#0" [stack: 0x000000647ab00000,0x000000647ac00000] [id=21272]
  0x000001f807f72000 ConcurrentGCThread "G1 Conc#1" [stack: 0x000000647c200000,0x000000647c300000] [id=22540]
  0x000001f806f7e000 ConcurrentGCThread "G1 Conc#2" [stack: 0x000000647c300000,0x000000647c400000] [id=9508]
  0x000001f80430c800 ConcurrentGCThread "G1 Refine#0" [stack: 0x000000647ac00000,0x000000647ad00000] [id=21740]
  0x000001f80430e800 ConcurrentGCThread "G1 Young RemSet Sampling" [stack: 0x000000647ad00000,0x000000647ae00000] [id=1448]

Threads with active compile tasks:

VM state:not at safepoint (normal execution)

VM Mutex/Monitor currently owned by a thread: None

Heap address: 0x0000000709400000, size: 3948 MB, Compressed Oops mode: Zero based, Oop shift amount: 3
Narrow klass base: 0x0000000800000000, Narrow klass shift: 3
Compressed class space size: 1073741824 Address: 0x0000000800b40000

Heap:
 garbage-first heap   total 75776K, used 52773K [0x0000000709400000, 0x0000000800000000)
  region size 1024K, 29 young (29696K), 4 survivors (4096K)
 Metaspace       used 56180K, capacity 57672K, committed 57856K, reserved 1099776K
  class space    used 7598K, capacity 8170K, committed 8192K, reserved 1048576K
Heap Regions: E=young(eden), S=young(survivor), O=old, HS=humongous(starts), HC=humongous(continues), CS=collection set, F=free, A=archive, TAMS=top-at-mark-start (previous, next)
|   0|0x0000000709400000, 0x0000000709500000, 0x0000000709500000|100%|HS|  |TAMS 0x0000000709500000, 0x0000000709400000| Complete 
|   1|0x0000000709500000, 0x0000000709600000, 0x0000000709600000|100%| O|  |TAMS 0x0000000709600000, 0x0000000709500000| Untracked 
|   2|0x0000000709600000, 0x0000000709700000, 0x0000000709700000|100%| O|  |TAMS 0x0000000709700000, 0x0000000709600000| Untracked 
|   3|0x0000000709700000, 0x0000000709800000, 0x0000000709800000|100%| O|  |TAMS 0x0000000709800000, 0x0000000709700000| Untracked 
|   4|0x0000000709800000, 0x000000070982f200, 0x0000000709900000| 18%| O|  |TAMS 0x000000070982f200, 0x0000000709800000| Untracked 
|   5|0x0000000709900000, 0x0000000709a00000, 0x0000000709a00000|100%| O|  |TAMS 0x0000000709a00000, 0x0000000709900000| Untracked 
|   6|0x0000000709a00000, 0x0000000709b00000, 0x0000000709b00000|100%| O|  |TAMS 0x0000000709b00000, 0x0000000709a00000| Untracked 
|   7|0x0000000709b00000, 0x0000000709c00000, 0x0000000709c00000|100%| O|  |TAMS 0x0000000709c00000, 0x0000000709b00000| Untracked 
|   8|0x0000000709c00000, 0x0000000709d00000, 0x0000000709d00000|100%| O|  |TAMS 0x0000000709d00000, 0x0000000709c00000| Untracked 
|   9|0x0000000709d00000, 0x0000000709e00000, 0x0000000709e00000|100%| O|  |TAMS 0x0000000709e00000, 0x0000000709d00000| Untracked 
|  10|0x0000000709e00000, 0x0000000709f00000, 0x0000000709f00000|100%| O|  |TAMS 0x0000000709f00000, 0x0000000709e00000| Untracked 
|  11|0x0000000709f00000, 0x000000070a000000, 0x000000070a000000|100%| O|  |TAMS 0x000000070a000000, 0x0000000709f00000| Untracked 
|  12|0x000000070a000000, 0x000000070a100000, 0x000000070a100000|100%| O|  |TAMS 0x000000070a100000, 0x000000070a000000| Untracked 
|  13|0x000000070a100000, 0x000000070a200000, 0x000000070a200000|100%| O|  |TAMS 0x000000070a200000, 0x000000070a100000| Untracked 
|  14|0x000000070a200000, 0x000000070a300000, 0x000000070a300000|100%| O|  |TAMS 0x000000070a300000, 0x000000070a200000| Untracked 
|  15|0x000000070a300000, 0x000000070a3ed800, 0x000000070a400000| 92%| O|  |TAMS 0x000000070a3ed800, 0x000000070a300000| Untracked 
|  16|0x000000070a400000, 0x000000070a500000, 0x000000070a500000|100%| O|  |TAMS 0x000000070a400000, 0x000000070a400000| Untracked 
|  17|0x000000070a500000, 0x000000070a600000, 0x000000070a600000|100%| O|  |TAMS 0x000000070a500000, 0x000000070a500000| Untracked 
|  18|0x000000070a600000, 0x000000070a700000, 0x000000070a700000|100%| O|  |TAMS 0x000000070a600000, 0x000000070a600000| Untracked 
|  19|0x000000070a700000, 0x000000070a800000, 0x000000070a800000|100%| O|  |TAMS 0x000000070a700000, 0x000000070a700000| Untracked 
|  20|0x000000070a800000, 0x000000070a900000, 0x000000070a900000|100%| O|  |TAMS 0x000000070a800000, 0x000000070a800000| Untracked 
|  21|0x000000070a900000, 0x000000070aa00000, 0x000000070aa00000|100%| O|  |TAMS 0x000000070a900000, 0x000000070a900000| Untracked 
|  22|0x000000070aa00000, 0x000000070ab00000, 0x000000070ab00000|100%| O|  |TAMS 0x000000070aa00000, 0x000000070aa00000| Untracked 
|  23|0x000000070ab00000, 0x000000070ac00000, 0x000000070ac00000|100%| O|  |TAMS 0x000000070ab00000, 0x000000070ab00000| Untracked 
|  24|0x000000070ac00000, 0x000000070ac8f600, 0x000000070ad00000| 56%| O|  |TAMS 0x000000070ac00000, 0x000000070ac00000| Untracked 
|  25|0x000000070ad00000, 0x000000070ad00000, 0x000000070ae00000|  0%| F|  |TAMS 0x000000070ad00000, 0x000000070ad00000| Untracked 
|  26|0x000000070ae00000, 0x000000070ae00000, 0x000000070af00000|  0%| F|  |TAMS 0x000000070ae00000, 0x000000070ae00000| Untracked 
|  27|0x000000070af00000, 0x000000070af00000, 0x000000070b000000|  0%| F|  |TAMS 0x000000070af00000, 0x000000070af00000| Untracked 
|  28|0x000000070b000000, 0x000000070b000000, 0x000000070b100000|  0%| F|  |TAMS 0x000000070b000000, 0x000000070b000000| Untracked 
|  29|0x000000070b100000, 0x000000070b100000, 0x000000070b200000|  0%| F|  |TAMS 0x000000070b100000, 0x000000070b100000| Untracked 
|  30|0x000000070b200000, 0x000000070b200000, 0x000000070b300000|  0%| F|  |TAMS 0x000000070b200000, 0x000000070b200000| Untracked 
|  31|0x000000070b300000, 0x000000070b300000, 0x000000070b400000|  0%| F|  |TAMS 0x000000070b300000, 0x000000070b300000| Untracked 
|  32|0x000000070b400000, 0x000000070b400000, 0x000000070b500000|  0%| F|  |TAMS 0x000000070b400000, 0x000000070b400000| Untracked 
|  33|0x000000070b500000, 0x000000070b500000, 0x000000070b600000|  0%| F|  |TAMS 0x000000070b500000, 0x000000070b500000| Untracked 
|  34|0x000000070b600000, 0x000000070b600000, 0x000000070b700000|  0%| F|  |TAMS 0x000000070b600000, 0x000000070b600000| Untracked 
|  35|0x000000070b700000, 0x000000070b7dd400, 0x000000070b800000| 86%| S|CS|TAMS 0x000000070b700000, 0x000000070b700000| Complete 
|  36|0x000000070b800000, 0x000000070b900000, 0x000000070b900000|100%| S|CS|TAMS 0x000000070b800000, 0x000000070b800000| Complete 
|  37|0x000000070b900000, 0x000000070ba00000, 0x000000070ba00000|100%| S|CS|TAMS 0x000000070b900000, 0x000000070b900000| Complete 
|  38|0x000000070ba00000, 0x000000070ba00000, 0x000000070bb00000|  0%| F|  |TAMS 0x000000070ba00000, 0x000000070ba00000| Untracked 
|  39|0x000000070bb00000, 0x000000070bb00000, 0x000000070bc00000|  0%| F|  |TAMS 0x000000070bb00000, 0x000000070bb00000| Untracked 
|  40|0x000000070bc00000, 0x000000070bc00000, 0x000000070bd00000|  0%| F|  |TAMS 0x000000070bc00000, 0x000000070bc00000| Untracked 
|  41|0x000000070bd00000, 0x000000070bd00000, 0x000000070be00000|  0%| F|  |TAMS 0x000000070bd00000, 0x000000070bd00000| Untracked 
|  42|0x000000070be00000, 0x000000070bf00000, 0x000000070bf00000|100%| S|CS|TAMS 0x000000070be00000, 0x000000070be00000| Complete 
|  43|0x000000070bf00000, 0x000000070bf00000, 0x000000070c000000|  0%| F|  |TAMS 0x000000070bf00000, 0x000000070bf00000| Untracked 
|  44|0x000000070c000000, 0x000000070c000000, 0x000000070c100000|  0%| F|  |TAMS 0x000000070c000000, 0x000000070c000000| Untracked 
|  45|0x000000070c100000, 0x000000070c100000, 0x000000070c200000|  0%| F|  |TAMS 0x000000070c100000, 0x000000070c100000| Untracked 
|  46|0x000000070c200000, 0x000000070c200000, 0x000000070c300000|  0%| F|  |TAMS 0x000000070c200000, 0x000000070c200000| Untracked 
|  47|0x000000070c300000, 0x000000070c300000, 0x000000070c400000|  0%| F|  |TAMS 0x000000070c300000, 0x000000070c300000| Untracked 
|  48|0x000000070c400000, 0x000000070c400000, 0x000000070c500000|  0%| F|  |TAMS 0x000000070c400000, 0x000000070c400000| Untracked 
|  49|0x000000070c500000, 0x000000070c5347e8, 0x000000070c600000| 20%| E|  |TAMS 0x000000070c500000, 0x000000070c500000| Complete 
|  50|0x000000070c600000, 0x000000070c700000, 0x000000070c700000|100%| E|CS|TAMS 0x000000070c600000, 0x000000070c600000| Complete 
|  51|0x000000070c700000, 0x000000070c800000, 0x000000070c800000|100%| E|CS|TAMS 0x000000070c700000, 0x000000070c700000| Complete 
|  52|0x000000070c800000, 0x000000070c900000, 0x000000070c900000|100%| E|CS|TAMS 0x000000070c800000, 0x000000070c800000| Complete 
|  53|0x000000070c900000, 0x000000070ca00000, 0x000000070ca00000|100%| E|CS|TAMS 0x000000070c900000, 0x000000070c900000| Complete 
|  54|0x000000070ca00000, 0x000000070cb00000, 0x000000070cb00000|100%| E|CS|TAMS 0x000000070ca00000, 0x000000070ca00000| Complete 
|  55|0x000000070cb00000, 0x000000070cc00000, 0x000000070cc00000|100%| E|CS|TAMS 0x000000070cb00000, 0x000000070cb00000| Complete 
|  56|0x000000070cc00000, 0x000000070cd00000, 0x000000070cd00000|100%| E|CS|TAMS 0x000000070cc00000, 0x000000070cc00000| Complete 
|  57|0x000000070cd00000, 0x000000070ce00000, 0x000000070ce00000|100%| E|CS|TAMS 0x000000070cd00000, 0x000000070cd00000| Complete 
|  58|0x000000070ce00000, 0x000000070cf00000, 0x000000070cf00000|100%| E|CS|TAMS 0x000000070ce00000, 0x000000070ce00000| Complete 
|  59|0x000000070cf00000, 0x000000070d000000, 0x000000070d000000|100%| E|CS|TAMS 0x000000070cf00000, 0x000000070cf00000| Complete 
|  60|0x000000070d000000, 0x000000070d100000, 0x000000070d100000|100%| E|CS|TAMS 0x000000070d000000, 0x000000070d000000| Complete 
|  61|0x000000070d100000, 0x000000070d200000, 0x000000070d200000|100%| E|CS|TAMS 0x000000070d100000, 0x000000070d100000| Complete 
|  62|0x000000070d200000, 0x000000070d300000, 0x000000070d300000|100%| E|CS|TAMS 0x000000070d200000, 0x000000070d200000| Complete 
|  63|0x000000070d300000, 0x000000070d400000, 0x000000070d400000|100%| E|CS|TAMS 0x000000070d300000, 0x000000070d300000| Complete 
|  64|0x000000070d400000, 0x000000070d500000, 0x000000070d500000|100%| E|CS|TAMS 0x000000070d400000, 0x000000070d400000| Complete 
|  65|0x000000070d500000, 0x000000070d600000, 0x000000070d600000|100%| E|CS|TAMS 0x000000070d500000, 0x000000070d500000| Complete 
|  66|0x000000070d600000, 0x000000070d700000, 0x000000070d700000|100%| E|CS|TAMS 0x000000070d600000, 0x000000070d600000| Complete 
|  67|0x000000070d700000, 0x000000070d800000, 0x000000070d800000|100%| E|CS|TAMS 0x000000070d700000, 0x000000070d700000| Complete 
| 120|0x0000000710c00000, 0x0000000710d00000, 0x0000000710d00000|100%| E|CS|TAMS 0x0000000710c00000, 0x0000000710c00000| Complete 
| 121|0x0000000710d00000, 0x0000000710e00000, 0x0000000710e00000|100%| E|CS|TAMS 0x0000000710d00000, 0x0000000710d00000| Complete 
| 122|0x0000000710e00000, 0x0000000710f00000, 0x0000000710f00000|100%| E|CS|TAMS 0x0000000710e00000, 0x0000000710e00000| Complete 
| 123|0x0000000710f00000, 0x0000000711000000, 0x0000000711000000|100%| E|CS|TAMS 0x0000000710f00000, 0x0000000710f00000| Complete 
| 124|0x0000000711000000, 0x0000000711100000, 0x0000000711100000|100%| E|CS|TAMS 0x0000000711000000, 0x0000000711000000| Complete 
| 247|0x0000000718b00000, 0x0000000718c00000, 0x0000000718c00000|100%| E|CS|TAMS 0x0000000718b00000, 0x0000000718b00000| Complete 

Card table byte_map: [0x000001f878ef0000,0x000001f8796b0000] _byte_map_base: 0x000001f8756a6000

Marking Bits (Prev, Next): (CMBitMap*) 0x000001f85eb283e8, (CMBitMap*) 0x000001f85eb28428
 Prev Bits: [0x000001f879e70000, 0x000001f87dc20000)
 Next Bits: [0x000001f800000000, 0x000001f803db0000)

Polling page: 0x000001f85e870000

Metaspace:

Usage:
  Non-class:     48.34 MB capacity,    47.44 MB ( 98%) used,   738.54 KB (  1%) free+waste,   181.25 KB ( <1%) overhead. 
      Class:      7.98 MB capacity,     7.42 MB ( 93%) used,   485.11 KB (  6%) free+waste,    86.75 KB (  1%) overhead. 
       Both:     56.32 MB capacity,    54.86 MB ( 97%) used,     1.19 MB (  2%) free+waste,   268.00 KB ( <1%) overhead. 

Virtual space:
  Non-class space:       50.00 MB reserved,      48.50 MB ( 97%) committed 
      Class space:        1.00 GB reserved,       8.00 MB ( <1%) committed 
             Both:        1.05 GB reserved,      56.50 MB (  5%) committed 

Chunk freelists:
   Non-Class:  34.00 KB
       Class:  22.00 KB
        Both:  56.00 KB

MaxMetaspaceSize: 17179869184.00 GB
CompressedClassSpaceSize: 1.00 GB

CodeHeap 'non-profiled nmethods': size=233856Kb used=10869Kb max_used=10949Kb free=222986Kb
 bounds [0x000001f869320000, 0x000001f869de0000, 0x000001f877780000]
CodeHeap 'non-nmethods': size=11904Kb used=1409Kb max_used=1409Kb free=10495Kb
 bounds [0x000001f868780000, 0x000001f8689f0000, 0x000001f869320000]
 total_blobs=7031 nmethods=6084 adapters=549
 compilation: enabled
              stopped_count=0, restarted_count=0
 full_count=0

Compilation events (20 events):
Event: 10.074 Thread 0x000001f8043f0800 6134       1       org.apache.tomcat.util.http.MimeHeaderField::getName (5 bytes)
Event: 10.074 Thread 0x000001f8043f0800 nmethod 6134 0x000001f869618390 code [0x000001f869618520, 0x000001f869618658]
Event: 10.074 Thread 0x000001f8043f0800 6135       1       org.apache.tomcat.util.buf.Ascii::toLower (14 bytes)
Event: 10.074 Thread 0x000001f8043f0800 nmethod 6135 0x000001f869617f10 code [0x000001f8696180a0, 0x000001f8696181d8]
Event: 10.074 Thread 0x000001f8043f0800 6137       1       org.apache.tomcat.util.buf.ByteChunk::equalsIgnoreCase (76 bytes)
Event: 10.075 Thread 0x000001f8043f0800 nmethod 6137 0x000001f869415810 code [0x000001f869415a00, 0x000001f869415e60]
Event: 10.075 Thread 0x000001f8043f0800 6136       1       org.apache.tomcat.util.buf.MessageBytes::equalsIgnoreCase (78 bytes)
Event: 10.075 Thread 0x000001f8043f0800 nmethod 6136 0x000001f869546b90 code [0x000001f869546d60, 0x000001f869546fd0]
Event: 10.075 Thread 0x000001f8043f0800 6138       1       org.apache.tomcat.util.http.MimeHeaders::getName (26 bytes)
Event: 10.075 Thread 0x000001f8043f0800 nmethod 6138 0x000001f86954a590 code [0x000001f86954a740, 0x000001f86954a8f8]
Event: 10.076 Thread 0x000001f8043f0800 6139       1       java.util.concurrent.locks.ReentrantReadWriteLock$Sync::exclusiveCount (5 bytes)
Event: 10.076 Thread 0x000001f8043f0800 nmethod 6139 0x000001f869717f10 code [0x000001f8697180a0, 0x000001f869718198]
Event: 10.088 Thread 0x000001f8043f0800 6141       1       com.fasterxml.jackson.databind.type.TypeBase::getBindings (5 bytes)
Event: 10.088 Thread 0x000001f8043f0800 nmethod 6141 0x000001f86936c990 code [0x000001f86936cb20, 0x000001f86936cc58]
Event: 11.683 Thread 0x000001f8043f0800 6142       1       java.lang.invoke.VarHandleReferences$FieldInstanceReadWrite::compareAndSet (38 bytes)
Event: 11.683 Thread 0x000001f8043f0800 nmethod 6142 0x000001f8697e1a10 code [0x000001f8697e1c40, 0x000001f8697e2290]
Event: 11.924 Thread 0x000001f8043f0800 6143       1       com.fasterxml.jackson.databind.type.SimpleType::isContainerType (2 bytes)
Event: 11.924 Thread 0x000001f8043f0800 nmethod 6143 0x000001f86936c410 code [0x000001f86936c5a0, 0x000001f86936c6d8]
Event: 11.924 Thread 0x000001f8043f0800 6144       1       com.fasterxml.jackson.databind.JavaType::hashCode (5 bytes)
Event: 11.924 Thread 0x000001f8043f0800 nmethod 6144 0x000001f86952cb90 code [0x000001f86952cd20, 0x000001f86952ce58]

GC Heap History (20 events):
Event: 2.278 GC heap before
{Heap before GC invocations=4 (full 0):
 garbage-first heap   total 51200K, used 29665K [0x0000000709400000, 0x0000000800000000)
  region size 1024K, 25 young (25600K), 9 survivors (9216K)
 Metaspace       used 21834K, capacity 22627K, committed 22784K, reserved 1069056K
  class space    used 2996K, capacity 3278K, committed 3328K, reserved 1048576K
}
Event: 2.287 GC heap after
{Heap after GC invocations=5 (full 0):
 garbage-first heap   total 51200K, used 14254K [0x0000000709400000, 0x0000000800000000)
  region size 1024K, 3 young (3072K), 3 survivors (3072K)
 Metaspace       used 21834K, capacity 22627K, committed 22784K, reserved 1069056K
  class space    used 2996K, capacity 3278K, committed 3328K, reserved 1048576K
}
Event: 2.488 GC heap before
{Heap before GC invocations=5 (full 0):
 garbage-first heap   total 51200K, used 35758K [0x0000000709400000, 0x0000000800000000)
  region size 1024K, 24 young (24576K), 3 survivors (3072K)
 Metaspace       used 24187K, capacity 25061K, committed 25216K, reserved 1071104K
  class space    used 3293K, capacity 3608K, committed 3712K, reserved 1048576K
}
Event: 2.493 GC heap after
{Heap after GC invocations=6 (full 0):
 garbage-first heap   total 51200K, used 15587K [0x0000000709400000, 0x0000000800000000)
  region size 1024K, 3 young (3072K), 3 survivors (3072K)
 Metaspace       used 24187K, capacity 25061K, committed 25216K, reserved 1071104K
  class space    used 3293K, capacity 3608K, committed 3712K, reserved 1048576K
}
Event: 2.665 GC heap before
{Heap before GC invocations=6 (full 0):
 garbage-first heap   total 51200K, used 35043K [0x0000000709400000, 0x0000000800000000)
  region size 1024K, 23 young (23552K), 3 survivors (3072K)
 Metaspace       used 26637K, capacity 27651K, committed 27776K, reserved 1073152K
  class space    used 3591K, capacity 3961K, committed 3968K, reserved 1048576K
}
Event: 2.671 GC heap after
{Heap after GC invocations=7 (full 0):
 garbage-first heap   total 152576K, used 16755K [0x0000000709400000, 0x0000000800000000)
  region size 1024K, 2 young (2048K), 2 survivors (2048K)
 Metaspace       used 26637K, capacity 27651K, committed 27776K, reserved 1073152K
  class space    used 3591K, capacity 3961K, committed 3968K, reserved 1048576K
}
Event: 2.957 GC heap before
{Heap before GC invocations=7 (full 0):
 garbage-first heap   total 152576K, used 91507K [0x0000000709400000, 0x0000000800000000)
  region size 1024K, 76 young (77824K), 2 survivors (2048K)
 Metaspace       used 31089K, capacity 32207K, committed 32384K, reserved 1077248K
  class space    used 4244K, capacity 4670K, committed 4736K, reserved 1048576K
}
Event: 2.959 GC heap after
{Heap after GC invocations=8 (full 0):
 garbage-first heap   total 152576K, used 17944K [0x0000000709400000, 0x0000000800000000)
  region size 1024K, 3 young (3072K), 3 survivors (3072K)
 Metaspace       used 31089K, capacity 32207K, committed 32384K, reserved 1077248K
  class space    used 4244K, capacity 4670K, committed 4736K, reserved 1048576K
}
Event: 3.172 GC heap before
{Heap before GC invocations=8 (full 0):
 garbage-first heap   total 152576K, used 41496K [0x0000000709400000, 0x0000000800000000)
  region size 1024K, 27 young (27648K), 3 survivors (3072K)
 Metaspace       used 34673K, capacity 35754K, committed 35840K, reserved 1079296K
  class space    used 4753K, capacity 5170K, committed 5248K, reserved 1048576K
}
Event: 3.175 GC heap after
{Heap after GC invocations=9 (full 0):
 garbage-first heap   total 152576K, used 19675K [0x0000000709400000, 0x0000000800000000)
  region size 1024K, 5 young (5120K), 5 survivors (5120K)
 Metaspace       used 34673K, capacity 35754K, committed 35840K, reserved 1079296K
  class space    used 4753K, capacity 5170K, committed 5248K, reserved 1048576K
}
Event: 3.540 GC heap before
{Heap before GC invocations=10 (full 0):
 garbage-first heap   total 75776K, used 59611K [0x0000000709400000, 0x0000000800000000)
  region size 1024K, 44 young (45056K), 5 survivors (5120K)
 Metaspace       used 40508K, capacity 41606K, committed 41856K, reserved 1085440K
  class space    used 5543K, capacity 5966K, committed 6016K, reserved 1048576K
}
Event: 3.543 GC heap after
{Heap after GC invocations=11 (full 0):
 garbage-first heap   total 75776K, used 21226K [0x0000000709400000, 0x0000000800000000)
  region size 1024K, 5 young (5120K), 5 survivors (5120K)
 Metaspace       used 40508K, capacity 41606K, committed 41856K, reserved 1085440K
  class space    used 5543K, capacity 5966K, committed 6016K, reserved 1048576K
}
Event: 3.928 GC heap before
{Heap before GC invocations=11 (full 0):
 garbage-first heap   total 75776K, used 53994K [0x0000000709400000, 0x0000000800000000)
  region size 1024K, 37 young (37888K), 5 survivors (5120K)
 Metaspace       used 43665K, capacity 44809K, committed 44928K, reserved 1087488K
  class space    used 6025K, capacity 6473K, committed 6528K, reserved 1048576K
}
Event: 3.932 GC heap after
{Heap after GC invocations=12 (full 0):
 garbage-first heap   total 75776K, used 22817K [0x0000000709400000, 0x0000000800000000)
  region size 1024K, 4 young (4096K), 4 survivors (4096K)
 Metaspace       used 43665K, capacity 44809K, committed 44928K, reserved 1087488K
  class space    used 6025K, capacity 6473K, committed 6528K, reserved 1048576K
}
Event: 4.206 GC heap before
{Heap before GC invocations=12 (full 0):
 garbage-first heap   total 75776K, used 56609K [0x0000000709400000, 0x0000000800000000)
  region size 1024K, 37 young (37888K), 4 survivors (4096K)
 Metaspace       used 47758K, capacity 49149K, committed 49408K, reserved 1091584K
  class space    used 6528K, capacity 7041K, committed 7168K, reserved 1048576K
}
Event: 4.209 GC heap after
{Heap after GC invocations=13 (full 0):
 garbage-first heap   total 75776K, used 24253K [0x0000000709400000, 0x0000000800000000)
  region size 1024K, 4 young (4096K), 4 survivors (4096K)
 Metaspace       used 47758K, capacity 49149K, committed 49408K, reserved 1091584K
  class space    used 6528K, capacity 7041K, committed 7168K, reserved 1048576K
}
Event: 4.662 GC heap before
{Heap before GC invocations=13 (full 0):
 garbage-first heap   total 75776K, used 57021K [0x0000000709400000, 0x0000000800000000)
  region size 1024K, 36 young (36864K), 4 survivors (4096K)
 Metaspace       used 50178K, capacity 51568K, committed 51712K, reserved 1093632K
  class space    used 6814K, capacity 7331K, committed 7424K, reserved 1048576K
}
Event: 4.665 GC heap after
{Heap after GC invocations=14 (full 0):
 garbage-first heap   total 75776K, used 26125K [0x0000000709400000, 0x0000000800000000)
  region size 1024K, 4 young (4096K), 4 survivors (4096K)
 Metaspace       used 50178K, capacity 51568K, committed 51712K, reserved 1093632K
  class space    used 6814K, capacity 7331K, committed 7424K, reserved 1048576K
}
Event: 4.936 GC heap before
{Heap before GC invocations=14 (full 0):
 garbage-first heap   total 75776K, used 57869K [0x0000000709400000, 0x0000000800000000)
  region size 1024K, 35 young (35840K), 4 survivors (4096K)
 Metaspace       used 52884K, capacity 54303K, committed 54400K, reserved 1095680K
  class space    used 7202K, capacity 7723K, committed 7808K, reserved 1048576K
}
Event: 4.939 GC heap after
{Heap after GC invocations=15 (full 0):
 garbage-first heap   total 75776K, used 28197K [0x0000000709400000, 0x0000000800000000)
  region size 1024K, 4 young (4096K), 4 survivors (4096K)
 Metaspace       used 52884K, capacity 54303K, committed 54400K, reserved 1095680K
  class space    used 7202K, capacity 7723K, committed 7808K, reserved 1048576K
}

Deoptimization events (20 events):
Event: 10.056 Thread 0x000001f8086a9000 DEOPT PACKING pc=0x000001f8696f313c sp=0x000000647cffd2b0
Event: 10.056 Thread 0x000001f8086a9000 DEOPT UNPACKING pc=0x000001f8687c964e sp=0x000000647cffc848 mode 1
Event: 10.056 Thread 0x000001f8086a9000 DEOPT PACKING pc=0x000001f8694da18c sp=0x000000647cffc750
Event: 10.056 Thread 0x000001f8086a9000 DEOPT UNPACKING pc=0x000001f8687c964e sp=0x000000647cffbbe8 mode 1
Event: 10.056 Thread 0x000001f8086a9000 DEOPT PACKING pc=0x000001f8694d27bc sp=0x000000647cffc820
Event: 10.056 Thread 0x000001f8086a9000 DEOPT UNPACKING pc=0x000001f8687c964e sp=0x000000647cffbcd8 mode 1
Event: 10.056 Thread 0x000001f8086a9000 DEOPT PACKING pc=0x000001f86945947c sp=0x000000647cffd2c0
Event: 10.056 Thread 0x000001f8086a9000 DEOPT UNPACKING pc=0x000001f8687c964e sp=0x000000647cffc7b0 mode 1
Event: 10.160 Thread 0x000001f8086a9000 DEOPT PACKING pc=0x000001f8694da18c sp=0x000000647cffbb60
Event: 10.160 Thread 0x000001f8086a9000 DEOPT UNPACKING pc=0x000001f8687c964e sp=0x000000647cffaff8 mode 1
Event: 10.160 Thread 0x000001f8086a9000 DEOPT PACKING pc=0x000001f8694d27bc sp=0x000000647cffbc30
Event: 10.160 Thread 0x000001f8086a9000 DEOPT UNPACKING pc=0x000001f8687c964e sp=0x000000647cffb0e8 mode 1
Event: 10.160 Thread 0x000001f8086a9000 DEOPT PACKING pc=0x000001f86945947c sp=0x000000647cffc6d0
Event: 10.160 Thread 0x000001f8086a9000 DEOPT UNPACKING pc=0x000001f8687c964e sp=0x000000647cffbbc0 mode 1
Event: 11.783 Thread 0x000001f8086a9000 DEOPT PACKING pc=0x000001f8694da18c sp=0x000000647cffbaf0
Event: 11.783 Thread 0x000001f8086a9000 DEOPT UNPACKING pc=0x000001f8687c964e sp=0x000000647cffaf88 mode 1
Event: 11.783 Thread 0x000001f8086a9000 DEOPT PACKING pc=0x000001f8694d27bc sp=0x000000647cffbbc0
Event: 11.783 Thread 0x000001f8086a9000 DEOPT UNPACKING pc=0x000001f8687c964e sp=0x000000647cffb078 mode 1
Event: 11.783 Thread 0x000001f8086a9000 DEOPT PACKING pc=0x000001f86945947c sp=0x000000647cffc660
Event: 11.783 Thread 0x000001f8086a9000 DEOPT UNPACKING pc=0x000001f8687c964e sp=0x000000647cffbb50 mode 1

Classes unloaded (0 events):
No events

Classes redefined (0 events):
No events

Internal exceptions (20 events):
Event: 3.948 Thread 0x000001f85eabd800 Exception <a 'java/lang/NoSuchMethodError'{0x000000071109edb0}: 'java.lang.Object java.lang.invoke.DirectMethodHandle$Holder.invokeSpecialIFC(java.lang.Object, java.lang.Object, java.lang.Object)'> (0x000000071109edb0) 
thrown [t:/workspace/open/src/hotspot/share/interpreter/linkResolver.cpp, line 767]
Event: 3.991 Thread 0x000001f85eabd800 Exception <a 'java/lang/NoSuchMethodError'{0x0000000710e088c0}: 'java.lang.Object java.lang.invoke.DirectMethodHandle$Holder.invokeInterface(java.lang.Object, java.lang.Object, java.lang.Object)'> (0x0000000710e088c0) 
thrown [t:/workspace/open/src/hotspot/share/interpreter/linkResolver.cpp, line 767]
Event: 4.022 Thread 0x000001f85eabd800 Exception <a 'java/lang/ClassNotFoundException'{0x000000070d634c30}: java/lang/ObjectCustomizer> (0x000000070d634c30) 
thrown [t:/workspace/open/src/hotspot/share/classfile/systemDictionary.cpp, line 232]
Event: 4.023 Thread 0x000001f85eabd800 Exception <a 'java/lang/ClassNotFoundException'{0x000000070d646698}: org/thirteen/datamation/model/po/DmTablePOCustomizer> (0x000000070d646698) 
thrown [t:/workspace/open/src/hotspot/share/classfile/systemDictionary.cpp, line 232]
Event: 4.034 Thread 0x000001f85eabd800 Exception <a 'java/lang/NoSuchMethodError'{0x000000070d590a30}: 'int java.lang.invoke.DirectMethodHandle$Holder.invokeVirtual(java.lang.Object, java.lang.Object, java.lang.Object)'> (0x000000070d590a30) 
thrown [t:/workspace/open/src/hotspot/share/interpreter/linkResolver.cpp, line 767]
Event: 4.051 Thread 0x000001f85eabd800 Exception <a 'java/lang/IncompatibleClassChangeError'{0x000000070d3336f8}: Found class java.lang.Object, but interface was expected> (0x000000070d3336f8) 
thrown [t:/workspace/open/src/hotspot/share/interpreter/linkResolver.cpp, line 833]
Event: 4.087 Thread 0x000001f85eabd800 Exception <a 'java/lang/ClassNotFoundException'{0x000000070cd85098}: java/lang/ObjectCustomizer> (0x000000070cd85098) 
thrown [t:/workspace/open/src/hotspot/share/classfile/systemDictionary.cpp, line 232]
Event: 4.088 Thread 0x000001f85eabd800 Exception <a 'java/lang/ClassNotFoundException'{0x000000070cd96bc0}: org/thirteen/datamation/model/po/DmColumnPOCustomizer> (0x000000070cd96bc0) 
thrown [t:/workspace/open/src/hotspot/share/classfile/systemDictionary.cpp, line 232]
Event: 4.495 Thread 0x000001f85eabd800 Exception <a 'java/lang/ClassNotFoundException'{0x000000070d178710}: java/lang/ObjectCustomizer> (0x000000070d178710) 
thrown [t:/workspace/open/src/hotspot/share/classfile/systemDictionary.cpp, line 232]
Event: 4.495 Thread 0x000001f85eabd800 Exception <a 'java/lang/ClassNotFoundException'{0x000000070d18d3d0}: org/springframework/plugin/core/support/AbstractTypeAwareSupportCustomizer> (0x000000070d18d3d0) 
thrown [t:/workspace/open/src/hotspot/share/classfile/systemDictionary.cpp, line 232]
Event: 4.496 Thread 0x000001f85eabd800 Exception <a 'java/lang/ClassNotFoundException'{0x000000070d1a4ec8}: org/springframework/plugin/core/support/PluginRegistryFactoryBeanCustomizer> (0x000000070d1a4ec8) 
thrown [t:/workspace/open/src/hotspot/share/classfile/systemDictionary.cpp, line 232]
Event: 4.498 Thread 0x000001f85eabd800 Exception <a 'java/lang/ClassNotFoundException'{0x000000070d1cc6c8}: org/springframework/beans/factory/FactoryBeanCustomizer> (0x000000070d1cc6c8) 
thrown [t:/workspace/open/src/hotspot/share/classfile/systemDictionary.cpp, line 232]
Event: 4.498 Thread 0x000001f85eabd800 Exception <a 'java/lang/ClassNotFoundException'{0x000000070d1dee10}: org/springframework/context/ApplicationContextAwareCustomizer> (0x000000070d1dee10) 
thrown [t:/workspace/open/src/hotspot/share/classfile/systemDictionary.cpp, line 232]
Event: 4.499 Thread 0x000001f85eabd800 Exception <a 'java/lang/ClassNotFoundException'{0x000000070d1eea40}: org/springframework/beans/factory/AwareCustomizer> (0x000000070d1eea40) 
thrown [t:/workspace/open/src/hotspot/share/classfile/systemDictionary.cpp, line 232]
Event: 4.499 Thread 0x000001f85eabd800 Exception <a 'java/lang/ClassNotFoundException'{0x000000070d1fdb98}: org/springframework/context/ApplicationListenerCustomizer> (0x000000070d1fdb98) 
thrown [t:/workspace/open/src/hotspot/share/classfile/systemDictionary.cpp, line 232]
Event: 4.499 Thread 0x000001f85eabd800 Exception <a 'java/lang/ClassNotFoundException'{0x000000070d000a80}: java/util/EventListenerCustomizer> (0x000000070d000a80) 
thrown [t:/workspace/open/src/hotspot/share/classfile/systemDictionary.cpp, line 232]
Event: 4.499 Thread 0x000001f85eabd800 Exception <a 'java/lang/ClassNotFoundException'{0x000000070d010740}: org/springframework/beans/factory/InitializingBeanCustomizer> (0x000000070d010740) 
thrown [t:/workspace/open/src/hotspot/share/classfile/systemDictionary.cpp, line 232]
Event: 4.686 Thread 0x000001f85eabd800 Exception <a 'java/lang/IncompatibleClassChangeError'{0x00000007110e6fa8}: Found class java.lang.Object, but interface was expected> (0x00000007110e6fa8) 
thrown [t:/workspace/open/src/hotspot/share/interpreter/linkResolver.cpp, line 833]
Event: 4.696 Thread 0x000001f85eabd800 Exception <a 'java/lang/NoSuchMethodError'{0x0000000710fc9730}: 'java.lang.Object java.lang.invoke.DirectMethodHandle$Holder.invokeInterface(java.lang.Object, java.lang.Object, java.lang.Object, java.lang.Object)'> (0x0000000710fc9730) 
thrown [t:/workspace/open/src/hotspot/share/interpreter/linkResolver.cpp, line 767]
Event: 5.179 Thread 0x000001f85eabd800 Exception <a 'java/lang/NoSuchMethodError'{0x000000070d79f030}: 'java.lang.Object java.lang.invoke.Invokers$Holder.linkToTargetMethod(java.lang.Object, int, java.lang.Object)'> (0x000000070d79f030) 
thrown [t:/workspace/open/src/hotspot/share/interpreter/linkResolver.cpp, line 767]

Events (20 events):
Event: 11.933 Executing VM operation: get/set locals
Event: 11.933 Executing VM operation: get/set locals done
Event: 11.934 Executing VM operation: get/set locals
Event: 11.934 Executing VM operation: get/set locals done
Event: 11.934 Executing VM operation: get/set locals
Event: 11.934 Executing VM operation: get/set locals done
Event: 12.037 Executing VM operation: GetFrameCount
Event: 12.037 Executing VM operation: GetFrameCount done
Event: 12.037 Executing VM operation: GetFrameCount
Event: 12.037 Executing VM operation: GetFrameCount done
Event: 12.037 Executing VM operation: GetStackTrace
Event: 12.037 Executing VM operation: GetStackTrace done
Event: 12.039 Executing VM operation: GetFrameCount
Event: 12.039 Executing VM operation: GetFrameCount done
Event: 12.039 Executing VM operation: GetStackTrace
Event: 12.039 Executing VM operation: GetStackTrace done
Event: 12.042 Executing VM operation: GetFrameCount
Event: 12.042 Executing VM operation: GetFrameCount done
Event: 12.042 Executing VM operation: GetStackTrace
Event: 12.042 Executing VM operation: GetStackTrace done


Dynamic libraries:
0x00007ff733310000 - 0x00007ff73331d000 	D:\software\jdk-13\bin\java.exe
0x00007ff8ddb40000 - 0x00007ff8ddd30000 	C:\Windows\SYSTEM32\ntdll.dll
0x00007ff8dda40000 - 0x00007ff8ddaf2000 	C:\Windows\System32\KERNEL32.DLL
0x00007ff8db700000 - 0x00007ff8db9a4000 	C:\Windows\System32\KERNELBASE.dll
0x00007ff8dab60000 - 0x00007ff8dac5a000 	C:\Windows\System32\ucrtbase.dll
0x00007ff8ca300000 - 0x00007ff8ca318000 	D:\software\jdk-13\bin\jli.dll
0x00007ff8cfcc0000 - 0x00007ff8cfcd5000 	D:\software\jdk-13\bin\VCRUNTIME140.dll
0x00007ff8dbfa0000 - 0x00007ff8dc134000 	C:\Windows\System32\USER32.dll
0x00007ff8dbbc0000 - 0x00007ff8dbbe1000 	C:\Windows\System32\win32u.dll
0x00007ff8dbd30000 - 0x00007ff8dbd56000 	C:\Windows\System32\GDI32.dll
0x00007ff8dba00000 - 0x00007ff8dbb96000 	C:\Windows\System32\gdi32full.dll
0x00007ff8daac0000 - 0x00007ff8dab5e000 	C:\Windows\System32\msvcp_win.dll
0x00007ff8d3420000 - 0x00007ff8d36a4000 	C:\Windows\WinSxS\amd64_microsoft.windows.common-controls_6595b64144ccf1df_6.0.18362.959_none_e6c7bbbf130c62bb\COMCTL32.dll
0x00007ff8dd2a0000 - 0x00007ff8dd33e000 	C:\Windows\System32\msvcrt.dll
0x00007ff8dd6a0000 - 0x00007ff8dd9d5000 	C:\Windows\System32\combase.dll
0x00007ff8dd150000 - 0x00007ff8dd270000 	C:\Windows\System32\RPCRT4.dll
0x00007ff8dac60000 - 0x00007ff8dace0000 	C:\Windows\System32\bcryptPrimitives.dll
0x00007ff8dd270000 - 0x00007ff8dd29e000 	C:\Windows\System32\IMM32.DLL
0x00007ff8b89d0000 - 0x00007ff8b8a6b000 	D:\software\jdk-13\bin\msvcp140.dll
0x00007ff878f50000 - 0x00007ff879ab6000 	D:\software\jdk-13\bin\server\jvm.dll
0x00007ff8dd0a0000 - 0x00007ff8dd143000 	C:\Windows\System32\ADVAPI32.dll
0x00007ff8dcaa0000 - 0x00007ff8dcb37000 	C:\Windows\System32\sechost.dll
0x00007ff8dc840000 - 0x00007ff8dc848000 	C:\Windows\System32\PSAPI.DLL
0x00007ff8d87d0000 - 0x00007ff8d87f4000 	C:\Windows\SYSTEM32\WINMM.dll
0x00007ff8d3090000 - 0x00007ff8d3099000 	C:\Windows\SYSTEM32\WSOCK32.dll
0x00007ff8da5f0000 - 0x00007ff8da5fa000 	C:\Windows\SYSTEM32\VERSION.dll
0x00007ff8dd030000 - 0x00007ff8dd09f000 	C:\Windows\System32\WS2_32.dll
0x00007ff8d87a0000 - 0x00007ff8d87cd000 	C:\Windows\SYSTEM32\winmmbase.dll
0x00007ff8db9b0000 - 0x00007ff8db9fa000 	C:\Windows\System32\cfgmgr32.dll
0x00007ff8daa00000 - 0x00007ff8daa11000 	C:\Windows\System32\kernel.appcore.dll
0x00007ff8d54e0000 - 0x00007ff8d54f0000 	D:\software\jdk-13\bin\verify.dll
0x00007ff8d9370000 - 0x00007ff8d9564000 	C:\Windows\SYSTEM32\DBGHELP.DLL
0x00007ff8c1730000 - 0x00007ff8c175a000 	C:\Windows\SYSTEM32\dbgcore.DLL
0x00007ff8c7c50000 - 0x00007ff8c7c76000 	D:\software\jdk-13\bin\java.dll
0x00007ff8c5970000 - 0x00007ff8c59a8000 	D:\software\jdk-13\bin\jdwp.dll
0x00007ff8cf870000 - 0x00007ff8cf87e000 	D:\software\jdk-13\bin\instrument.dll
0x00007ff8c3730000 - 0x00007ff8c3747000 	D:\software\jdk-13\bin\zip.dll
0x00007ff8cfc90000 - 0x00007ff8cfc9a000 	D:\software\jdk-13\bin\jimage.dll
0x00007ff8dc140000 - 0x00007ff8dc826000 	C:\Windows\System32\SHELL32.dll
0x00007ff8dc9f0000 - 0x00007ff8dca99000 	C:\Windows\System32\shcore.dll
0x00007ff8dae60000 - 0x00007ff8db5e2000 	C:\Windows\System32\windows.storage.dll
0x00007ff8daa90000 - 0x00007ff8daab3000 	C:\Windows\System32\profapi.dll
0x00007ff8daa20000 - 0x00007ff8daa6a000 	C:\Windows\System32\powrprof.dll
0x00007ff8da9f0000 - 0x00007ff8daa00000 	C:\Windows\System32\UMPDC.dll
0x00007ff8dd9e0000 - 0x00007ff8dda32000 	C:\Windows\System32\shlwapi.dll
0x00007ff8dbba0000 - 0x00007ff8dbbb7000 	C:\Windows\System32\cryptsp.dll
0x00007ff8cc150000 - 0x00007ff8cc15b000 	D:\software\jdk-13\bin\dt_socket.dll
0x00007ff8da190000 - 0x00007ff8da1f7000 	C:\Windows\system32\mswsock.dll
0x00007ff8c0eb0000 - 0x00007ff8c0ec9000 	D:\software\jdk-13\bin\net.dll
0x00007ff8cae20000 - 0x00007ff8caff6000 	C:\Windows\SYSTEM32\urlmon.dll
0x00007ff8cfe10000 - 0x00007ff8cff00000 	C:\Windows\SYSTEM32\WINHTTP.dll
0x00007ff8ca9c0000 - 0x00007ff8cac66000 	C:\Windows\SYSTEM32\iertutil.dll
0x00007ff8da360000 - 0x00007ff8da36c000 	C:\Windows\SYSTEM32\CRYPTBASE.DLL
0x00007ff8c0e90000 - 0x00007ff8c0ea3000 	D:\software\jdk-13\bin\nio.dll
0x00007ff8d9ee0000 - 0x00007ff8d9fab000 	C:\Windows\SYSTEM32\DNSAPI.dll
0x00007ff8dcbb0000 - 0x00007ff8dcbb8000 	C:\Windows\System32\NSI.dll
0x00007ff8d9ea0000 - 0x00007ff8d9eda000 	C:\Windows\SYSTEM32\IPHLPAPI.DLL
0x00007ff8d1350000 - 0x00007ff8d135a000 	C:\Windows\System32\rasadhlp.dll
0x00007ff8d1710000 - 0x00007ff8d1787000 	C:\Windows\System32\fwpuclnt.dll
0x00007ff8dace0000 - 0x00007ff8dad06000 	C:\Windows\System32\bcrypt.dll
0x00007ff8cc880000 - 0x00007ff8cc889000 	D:\software\jdk-13\bin\management.dll
0x00007ff8cc180000 - 0x00007ff8cc18b000 	D:\software\jdk-13\bin\management_ext.dll
0x00007ff8d9d00000 - 0x00007ff8d9d33000 	C:\Windows\system32\rsaenh.dll
0x00007ff8da8e0000 - 0x00007ff8da905000 	C:\Windows\SYSTEM32\USERENV.dll
0x00007ff8d1810000 - 0x00007ff8d1826000 	C:\Windows\SYSTEM32\dhcpcsvc6.DLL
0x00007ff8d19f0000 - 0x00007ff8d1a0c000 	C:\Windows\SYSTEM32\dhcpcsvc.DLL
0x00007ff8c2300000 - 0x00007ff8c2316000 	C:\Windows\system32\napinsp.dll
0x00007ff8c1c80000 - 0x00007ff8c1c9a000 	C:\Windows\system32\pnrpnsp.dll
0x00007ff8c7820000 - 0x00007ff8c782e000 	C:\Windows\System32\winrnr.dll
0x00007ff8d2130000 - 0x00007ff8d214c000 	C:\Windows\system32\NLAapi.dll
0x00007ff8d65d0000 - 0x00007ff8d65e5000 	C:\Windows\system32\wshbth.dll

dbghelp: loaded successfully - version: 4.0.5 - missing functions: none
symbol engine: initialized successfully - sym options: 0x614 - pdb path: .;D:\software\jdk-13\bin;C:\Windows\SYSTEM32;C:\Windows\WinSxS\amd64_microsoft.windows.common-controls_6595b64144ccf1df_6.0.18362.959_none_e6c7bbbf130c62bb;D:\software\jdk-13\bin\server

VM Arguments:
jvm_args: -agentlib:jdwp=transport=dt_socket,address=127.0.0.1:53590,suspend=y,server=n -XX:TieredStopAtLevel=1 -Xverify:none -Dspring.output.ansi.enabled=always -Dcom.sun.management.jmxremote -Dspring.jmx.enabled=true -Dspring.liveBeansView.mbeanDomain -Dspring.application.admin.enabled=true -javaagent:C:\Users\64554\AppData\Local\JetBrains\IntelliJIdea2020.1\captureAgent\debugger-agent.jar -Dfile.encoding=UTF-8 
java_command: org.thirteen.datamation.DatamationAppilcation
java_class_path (initial): D:\project\thirteen\thirteen-datamation\target\classes;D:\software\apache-maven-3.5.3\repository\org\springframework\boot\spring-boot-starter-web\2.2.3.RELEASE\spring-boot-starter-web-2.2.3.RELEASE.jar;D:\software\apache-maven-3.5.3\repository\org\springframework\boot\spring-boot-starter\2.2.3.RELEASE\spring-boot-starter-2.2.3.RELEASE.jar;D:\software\apache-maven-3.5.3\repository\org\springframework\boot\spring-boot-autoconfigure\2.2.3.RELEASE\spring-boot-autoconfigure-2.2.3.RELEASE.jar;D:\software\apache-maven-3.5.3\repository\org\springframework\boot\spring-boot-starter-logging\2.2.3.RELEASE\spring-boot-starter-logging-2.2.3.RELEASE.jar;D:\software\apache-maven-3.5.3\repository\ch\qos\logback\logback-classic\1.2.3\logback-classic-1.2.3.jar;D:\software\apache-maven-3.5.3\repository\ch\qos\logback\logback-core\1.2.3\logback-core-1.2.3.jar;D:\software\apache-maven-3.5.3\repository\org\apache\logging\log4j\log4j-to-slf4j\2.12.1\log4j-to-slf4j-2.12.1.jar;D:\software\apache-maven-3.5.3\repository\org\apache\logging\log4j\log4j-api\2.12.1\log4j-api-2.12.1.jar;D:\software\apache-maven-3.5.3\repository\org\slf4j\jul-to-slf4j\1.7.30\jul-to-slf4j-1.7.30.jar;D:\software\apache-maven-3.5.3\repository\jakarta\annotation\jakarta.annotation-api\1.3.5\jakarta.annotation-api-1.3.5.jar;D:\software\apache-maven-3.5.3\repository\org\yaml\snakeyaml\1.25\snakeyaml-1.25.jar;D:\software\apache-maven-3.5.3\repository\org\springframework\boot\spring-boot-starter-json\2.2.3.RELEASE\spring-boot-starter-json-2.2.3.RELEASE.jar;D:\software\apache-maven-3.5.3\repository\com\fasterxml\jackson\core\jackson-databind\2.10.2\jackson-databind-2.10.2.jar;D:\software\apache-maven-3.5.3\repository\com\fasterxml\jackson\core\jackson-core\2.10.2\jackson-core-2.10.2.jar;D:\software\apache-maven-3.5.3\repository\com\fasterxml\jackson\datatype\jackson-datatype-jdk8\2.10.2\jackson-datatype-jdk8-2.10.2.jar;D:\software\apache-maven-3.5.3\repository\com\fasterxml\jackson\datatype\jacks
Launcher Type: SUN_STANDARD

[Global flags]
     intx CICompilerCount                          = 12                                        {product} {ergonomic}
     uint ConcGCThreads                            = 3                                         {product} {ergonomic}
     uint G1ConcRefinementThreads                  = 13                                        {product} {ergonomic}
   size_t G1HeapRegionSize                         = 1048576                                   {product} {ergonomic}
    uintx GCDrainStackTargetSize                   = 64                                        {product} {ergonomic}
   size_t InitialHeapSize                          = 260046848                                 {product} {ergonomic}
     bool ManagementServer                         = true                                      {product} {command line}
   size_t MarkStackSize                            = 4194304                                   {product} {ergonomic}
   size_t MaxHeapSize                              = 4139778048                                {product} {ergonomic}
   size_t MaxNewSize                               = 2483027968                                {product} {ergonomic}
   size_t MinHeapDeltaBytes                        = 1048576                                   {product} {ergonomic}
   size_t MinHeapSize                              = 8388608                                   {product} {ergonomic}
    uintx NonNMethodCodeHeapSize                   = 12163472                               {pd product} {ergonomic}
    uintx NonProfiledCodeHeapSize                  = 239494768                              {pd product} {ergonomic}
    uintx ProfiledCodeHeapSize                     = 0                                      {pd product} {ergonomic}
    uintx ReservedCodeCacheSize                    = 251658240                              {pd product} {ergonomic}
     bool SegmentedCodeCache                       = true                                      {product} {ergonomic}
   size_t SoftMaxHeapSize                          = 4139778048                             {manageable} {ergonomic}
     intx TieredStopAtLevel                        = 1                                         {product} {command line}
     bool UseCompressedClassPointers               = true                                 {lp64_product} {ergonomic}
     bool UseCompressedOops                        = true                                 {lp64_product} {ergonomic}
     bool UseG1GC                                  = true                                      {product} {ergonomic}
     bool UseLargePagesIndividualAllocation        = false                                  {pd product} {ergonomic}

Logging:
Log output configuration:
 #0: stdout all=warning uptime,level,tags
 #1: stderr all=off uptime,level,tags

Environment Variables:
PATH=C:\Program Files (x86)\Common Files\Oracle\Java\javapath;C:\Windows\system32;C:\Windows;C:\Windows\System32\Wbem;C:\Windows\System32\WindowsPowerShell\v1.0\;C:\Windows\System32\OpenSSH\;D:\software\Git\cmd;D:\software\nodejs\;C:\Users\64554\AppData\Local\Microsoft\WindowsApps;C:\Users\64554\AppData\Roaming\npm
USERNAME=64554
OS=Windows_NT
PROCESSOR_IDENTIFIER=AMD64 Family 23 Model 96 Stepping 1, AuthenticAMD



---------------  S Y S T E M  ---------------

OS: Windows 10 , 64 bit Build 18362 (10.0.18362.959)

CPU:total 16 (initial active 16) (16 cores per cpu, 2 threads per core) family 23 model 96 stepping 1, cmov, cx8, fxsr, mmx, sse, sse2, sse3, ssse3, sse4.1, sse4.2, popcnt, avx, avx2, aes, clmul, mmxext, 3dnowpref, lzcnt, sse4a, ht, tsc, tscinvbit, tscinv, bmi1, bmi2, adx, sha, fma

Memory: 4k page, system-wide physical 15790M (6676M free)
TotalPageFile size 18222M (AvailPageFile size 4956M)
current process WorkingSet (physical memory assigned to process): 212M, peak: 236M
current process commit charge ("private bytes"): 268M, peak: 394M

vm_info: OpenJDK 64-Bit Server VM (13+33) for windows-amd64 JRE (13+33), built on Aug  9 2019 11:21:18 by "mach5one" with unknown MS VC++:1916

END.
