#
# A fatal error has been detected by the Java Runtime Environment:
#
#  EXCEPTION_PRIV_INSTRUCTION (0xc0000096) at pc=0x0000023a295f8e7d, pid=16964, tid=21012
#
# JRE version: OpenJDK Runtime Environment (13.0+33) (build 13+33)
# Java VM: OpenJDK 64-Bit Server VM (13+33, mixed mode, sharing, tiered, compressed oops, g1 gc, windows-amd64)
# Problematic frame:
# j  org.thirteen.datamation.core.generate.po.RentalStockPO.toString()Ljava/lang/String;+2
#
# No core dump will be written. Minidumps are not enabled by default on client versions of Windows
#
# If you would like to submit a bug report, please visit:
#   http://bugreport.java.com/bugreport/crash.jsp
#

---------------  S U M M A R Y ------------

Command Line: -agentlib:jdwp=transport=dt_socket,address=127.0.0.1:52803,suspend=y,server=n -XX:TieredStopAtLevel=1 -Xverify:none -Dspring.output.ansi.enabled=always -Dcom.sun.management.jmxremote -Dspring.jmx.enabled=true -Dspring.liveBeansView.mbeanDomain -Dspring.application.admin.enabled=true -javaagent:C:\Users\64554\AppData\Local\JetBrains\IntelliJIdea2020.1\captureAgent\debugger-agent.jar -Dfile.encoding=UTF-8 org.thirteen.datamation.DatamationAppilcation

Host: AMD Ryzen 7 4800H with Radeon Graphics         , 16 cores, 15G,  Windows 10 , 64 bit Build 18362 (10.0.18362.959)
Time: Tue Sep 22 16:42:37 2020 ?D1¨²¡À¨º¡Á?¨º¡À?? elapsed time: 273 seconds (0d 0h 4m 33s)

---------------  T H R E A D  ---------------

Current thread (0x0000023a48e1b000):  JavaThread "http-nio-8080-exec-6" daemon [_thread_in_Java, id=21012, stack(0x00000084d9600000,0x00000084d9700000)]

Stack: [0x00000084d9600000,0x00000084d9700000],  sp=0x00000084d96fc7b0,  free space=1009k
Native frames: (J=compiled Java code, j=interpreted, Vv=VM code, C=native code)
C  0x0000023a295f8e7d


siginfo: EXCEPTION_PRIV_INSTRUCTION (0xc0000096)


Register to memory mapping:

RIP=0x0000023a295f8e7d is at code_begin+253 in an Interpreter codelet
error exits  [0x0000023a295f8d80, 0x0000023a295f8e80]  256 bytes
RAX=0x0 is NULL
RBX=0x0000000000000060 is an unknown value
RCX=0x00000000ffffffff is an unknown value
RDX=0x0000000000000001 is an unknown value
RSP=0x00000084d96fc7b0 is pointing into the stack for thread: 0x0000023a48e1b000
RBP=0x00000084d96fc880 is pointing into the stack for thread: 0x0000023a48e1b000
RSI=0x00000084d96fcd20 is pointing into the stack for thread: 0x0000023a48e1b000
RDI=0x0000000000000001 is an unknown value
R8 =0x0000000000000061 is an unknown value
R9 =0x0000000000000061 is an unknown value
R10=0x0 is NULL
R11=0x0000000000000061 is an unknown value
R12=0x0 is NULL
R13=0x0000023a4acbb774 is pointing into metadata
R14=0x00000084d96fc890 is pointing into the stack for thread: 0x0000023a48e1b000
R15=0x0000023a48e1b000 is a thread


Registers:
RAX=0x0000000000000000, RBX=0x0000000000000060, RCX=0x00000000ffffffff, RDX=0x0000000000000001
RSP=0x00000084d96fc7b0, RBP=0x00000084d96fc880, RSI=0x00000084d96fcd20, RDI=0x0000000000000001
R8 =0x0000000000000061, R9 =0x0000000000000061, R10=0x0000000000000000, R11=0x0000000000000061
R12=0x0000000000000000, R13=0x0000023a4acbb774, R14=0x00000084d96fc890, R15=0x0000023a48e1b000
RIP=0x0000023a295f8e7d, EFLAGS=0x0000000000010206

Top of Stack: (sp=0x00000084d96fc7b0)
0x00000084d96fc7b0:   0000023a48e1b000 0000000000000060
0x00000084d96fc7c0:   00000084d96fc880 00000084d96fcd20
0x00000084d96fc7d0:   0000023a4acbb7a8 00007ff879a02a50
0x00000084d96fc7e0:   0000000000000008 0000000000000008
0x00000084d96fc7f0:   0000000000000001 00000084d96fcd20
0x00000084d96fc800:   00000084d96fc880 00000084d96fc830
0x00000084d96fc810:   0000000000000060 0000000709c6f728
0x00000084d96fc820:   0000000000000000 000000070d085940
0x00000084d96fc830:   000000070d0858e0 00000084d96fc838
0x00000084d96fc840:   0000023a4acbb772 00000084d96fc890
0x00000084d96fc850:   0000023a4acd3e58 0000000000000000
0x00000084d96fc860:   000000070ac6f668 0000023a4acbb7a8
0x00000084d96fc870:   0000000000000000 00000084d96fc890
0x00000084d96fc880:   00000084d96fca70 0000023a295f0f90
0x00000084d96fc890:   000000070d0857e8 000000070d080350
0x00000084d96fc8a0:   0000000709900000 deaddeaf00000001 

Instructions: (pc=0x0000023a295f8e7d)
0x0000023a295f8d7d:   00 00 00 48 89 64 24 d8 48 81 ec 80 00 00 00 48
0x0000023a295f8d8d:   89 44 24 78 48 89 4c 24 70 48 89 54 24 68 48 89
0x0000023a295f8d9d:   5c 24 60 48 89 6c 24 50 48 89 74 24 48 48 89 7c
0x0000023a295f8dad:   24 40 4c 89 44 24 38 4c 89 4c 24 30 4c 89 54 24
0x0000023a295f8dbd:   28 4c 89 5c 24 20 4c 89 64 24 18 4c 89 6c 24 10
0x0000023a295f8dcd:   4c 89 74 24 08 4c 89 3c 24 48 b9 60 9e 82 79 f8
0x0000023a295f8ddd:   7f 00 00 48 ba 80 8d 5f 29 3a 02 00 00 4c 8b c4
0x0000023a295f8ded:   48 83 e4 f0 49 ba b0 ed 4b 79 f8 7f 00 00 41 ff
0x0000023a295f8dfd:   d2 f4 48 89 64 24 d8 48 81 ec 80 00 00 00 48 89
0x0000023a295f8e0d:   44 24 78 48 89 4c 24 70 48 89 54 24 68 48 89 5c
0x0000023a295f8e1d:   24 60 48 89 6c 24 50 48 89 74 24 48 48 89 7c 24
0x0000023a295f8e2d:   40 4c 89 44 24 38 4c 89 4c 24 30 4c 89 54 24 28
0x0000023a295f8e3d:   4c 89 5c 24 20 4c 89 64 24 18 4c 89 6c 24 10 4c
0x0000023a295f8e4d:   89 74 24 08 4c 89 3c 24 48 b9 78 9e 82 79 f8 7f
0x0000023a295f8e5d:   00 00 48 ba ff 8d 5f 29 3a 02 00 00 4c 8b c4 48
0x0000023a295f8e6d:   83 e4 f0 49 ba b0 ed 4b 79 f8 7f 00 00 41 ff d2
0x0000023a295f8e7d:   f4 66 90 c0 21 00 00 00 00 00 00 a8 9e 82 79 f8
0x0000023a295f8e8d:   7f 00 00 ff ff ff ff 00 00 00 00 00 00 00 00 00
0x0000023a295f8e9d:   00 00 00 48 8b 65 f0 48 c7 45 f0 00 00 00 00 4c
0x0000023a295f8ead:   8b 6d c0 4c 8b 75 c8 41 0f b7 4d 01 48 8b 5d d0
0x0000023a295f8ebd:   c1 e1 02 8b 5c cb 38 81 e3 ff 00 00 00 48 8d 24
0x0000023a295f8ecd:   dc 41 8b 8f 1c 04 00 00 f7 c1 01 00 00 00 0f 84
0x0000023a295f8edd:   49 00 00 00 f7 c1 02 00 00 00 0f 85 3d 00 00 00
0x0000023a295f8eed:   48 83 ec 20 f7 c4 0f 00 00 00 0f 84 1a 00 00 00
0x0000023a295f8efd:   48 83 ec 08 49 ba 20 4e 2c 79 f8 7f 00 00 41 ff
0x0000023a295f8f0d:   d2 48 83 c4 08 e9 0d 00 00 00 49 ba 20 4e 2c 79
0x0000023a295f8f1d:   f8 7f 00 00 41 ff d2 48 83 c4 20 ff e0 49 8b 8f
0x0000023a295f8f2d:   58 04 00 00 48 85 c9 0f 84 53 00 00 00 8b 49 74
0x0000023a295f8f3d:   83 f9 01 0f 85 47 00 00 00 49 8b 8f 58 04 00 00
0x0000023a295f8f4d:   8b 49 78 48 83 ec 20 f7 c4 0f 00 00 00 0f 84 1a
0x0000023a295f8f5d:   00 00 00 48 83 ec 08 49 ba 10 4e 2c 79 f8 7f 00
0x0000023a295f8f6d:   00 41 ff d2 48 83 c4 08 e9 0d 00 00 00 49 ba 10 


Stack slot to memory mapping:
stack at sp + 0 slots: 0x0000023a48e1b000 is a thread
stack at sp + 1 slots: 0x0000000000000060 is an unknown value
stack at sp + 2 slots: 0x00000084d96fc880 is pointing into the stack for thread: 0x0000023a48e1b000
stack at sp + 3 slots: 0x00000084d96fcd20 is pointing into the stack for thread: 0x0000023a48e1b000
stack at sp + 4 slots: {method} {0x0000023a4acbb7b0} 'toString' '()Ljava/lang/String;' in 'org/thirteen/datamation/core/generate/po/RentalStockPO'
stack at sp + 5 slots: 0x00007ff879a02a50 jvm.dll
stack at sp + 6 slots: 0x0000000000000008 is an unknown value
stack at sp + 7 slots: 0x0000000000000008 is an unknown value

error exits  [0x0000023a295f8d80, 0x0000023a295f8e80]  256 bytes
[MachCode]
  0x0000023a295f8d80: 4889 6424 | d848 81ec | 8000 0000 | 4889 4424 | 7848 894c | 2470 4889 | 5424 6848 | 895c 2460 
  0x0000023a295f8da0: 4889 6c24 | 5048 8974 | 2448 4889 | 7c24 404c | 8944 2438 | 4c89 4c24 | 304c 8954 | 2428 4c89 
  0x0000023a295f8dc0: 5c24 204c | 8964 2418 | 4c89 6c24 | 104c 8974 | 2408 4c89 | 3c24 48b9 | 609e 8279 | f87f 0000 
  0x0000023a295f8de0: 48ba 808d | 5f29 3a02 | 0000 4c8b | c448 83e4 | f049 bab0 | ed4b 79f8 | 7f00 0041 | ffd2 f448 
  0x0000023a295f8e00: 8964 24d8 | 4881 ec80 | 0000 0048 | 8944 2478 | 4889 4c24 | 7048 8954 | 2468 4889 | 5c24 6048 
  0x0000023a295f8e20: 896c 2450 | 4889 7424 | 4848 897c | 2440 4c89 | 4424 384c | 894c 2430 | 4c89 5424 | 284c 895c 
  0x0000023a295f8e40: 2420 4c89 | 6424 184c | 896c 2410 | 4c89 7424 | 084c 893c | 2448 b978 | 9e82 79f8 | 7f00 0048 
  0x0000023a295f8e60: baff 8d5f | 293a 0200 | 004c 8bc4 | 4883 e4f0 | 49ba b0ed | 4b79 f87f | 0000 41ff | d2f4 6690 
[/MachCode]

---------------  P R O C E S S  ---------------

Threads class SMR info:
_java_thread_list=0x0000023a48a158e0, length=32, elements={
0x0000023a44be2000, 0x0000023a44be5000, 0x0000023a45b52000, 0x0000023a45b53800,
0x0000023a45b54800, 0x0000023a44c0a000, 0x0000023a45c42800, 0x0000023a45c93000,
0x0000023a45c96800, 0x0000023a45c98000, 0x0000023a4602a000, 0x0000023a46200800,
0x0000023a47023000, 0x0000023a473af000, 0x0000023a473b0000, 0x0000023a473b0800,
0x0000023a473aa800, 0x0000023a47596800, 0x0000023a48e6d800, 0x0000023a48e6e000,
0x0000023a48e19800, 0x0000023a48e1d800, 0x0000023a48e1a000, 0x0000023a48e1f000,
0x0000023a48e1b000, 0x0000023a48e1b800, 0x0000023a48e1e000, 0x0000023a48e1c800,
0x0000023a48e20000, 0x0000023a48e9e000, 0x0000023a48e99800, 0x0000023a48e9b000
}

Java Threads: ( => current thread )
  0x0000023a44be2000 JavaThread "Reference Handler" daemon [_thread_blocked, id=23876, stack(0x00000084d7100000,0x00000084d7200000)]
  0x0000023a44be5000 JavaThread "Finalizer" daemon [_thread_blocked, id=25132, stack(0x00000084d7200000,0x00000084d7300000)]
  0x0000023a45b52000 JavaThread "Signal Dispatcher" daemon [_thread_blocked, id=24628, stack(0x00000084d7300000,0x00000084d7400000)]
  0x0000023a45b53800 JavaThread "Attach Listener" daemon [_thread_blocked, id=23976, stack(0x00000084d7400000,0x00000084d7500000)]
  0x0000023a45b54800 JavaThread "C1 CompilerThread0" daemon [_thread_blocked, id=12080, stack(0x00000084d7500000,0x00000084d7600000)]
  0x0000023a44c0a000 JavaThread "Sweeper thread" daemon [_thread_blocked, id=10924, stack(0x00000084d7600000,0x00000084d7700000)]
  0x0000023a45c42800 JavaThread "Common-Cleaner" daemon [_thread_blocked, id=14856, stack(0x00000084d7700000,0x00000084d7800000)]
  0x0000023a45c93000 JavaThread "JDWP Transport Listener: dt_socket" daemon [_thread_blocked, id=3272, stack(0x00000084d7800000,0x00000084d7900000)]
  0x0000023a45c96800 JavaThread "JDWP Event Helper Thread" daemon [_thread_blocked, id=20468, stack(0x00000084d7900000,0x00000084d7a00000)]
  0x0000023a45c98000 JavaThread "JDWP Command Reader" daemon [_thread_in_native, id=18964, stack(0x00000084d7a00000,0x00000084d7b00000)]
  0x0000023a4602a000 JavaThread "Service Thread" daemon [_thread_blocked, id=22732, stack(0x00000084d7b00000,0x00000084d7c00000)]
  0x0000023a46200800 JavaThread "RMI TCP Accept-0" daemon [_thread_in_native, id=8672, stack(0x00000084d7c00000,0x00000084d7d00000)]
  0x0000023a47023000 JavaThread "RMI Scheduler(0)" daemon [_thread_blocked, id=14348, stack(0x00000084d8200000,0x00000084d8300000)]
  0x0000023a473af000 JavaThread "Catalina-utility-1" [_thread_blocked, id=3452, stack(0x00000084d8600000,0x00000084d8700000)]
  0x0000023a473b0000 JavaThread "Catalina-utility-2" [_thread_blocked, id=5044, stack(0x00000084d8700000,0x00000084d8800000)]
  0x0000023a473b0800 JavaThread "container-0" [_thread_blocked, id=24528, stack(0x00000084d8800000,0x00000084d8900000)]
  0x0000023a473aa800 JavaThread "mysql-cj-abandoned-connection-cleanup" daemon [_thread_blocked, id=11732, stack(0x00000084d8900000,0x00000084d8a00000)]
  0x0000023a47596800 JavaThread "HikariPool-1 housekeeper" daemon [_thread_blocked, id=19236, stack(0x00000084d8e00000,0x00000084d8f00000)]
  0x0000023a48e6d800 JavaThread "http-nio-8080-BlockPoller" daemon [_thread_blocked, id=1172, stack(0x00000084d9000000,0x00000084d9100000)]
  0x0000023a48e6e000 JavaThread "http-nio-8080-exec-1" daemon [_thread_blocked, id=14588, stack(0x00000084d9100000,0x00000084d9200000)]
  0x0000023a48e19800 JavaThread "http-nio-8080-exec-2" daemon [_thread_blocked, id=25104, stack(0x00000084d9200000,0x00000084d9300000)]
  0x0000023a48e1d800 JavaThread "http-nio-8080-exec-3" daemon [_thread_blocked, id=2400, stack(0x00000084d9300000,0x00000084d9400000)]
  0x0000023a48e1a000 JavaThread "http-nio-8080-exec-4" daemon [_thread_blocked, id=5660, stack(0x00000084d9400000,0x00000084d9500000)]
  0x0000023a48e1f000 JavaThread "http-nio-8080-exec-5" daemon [_thread_blocked, id=11424, stack(0x00000084d9500000,0x00000084d9600000)]
=>0x0000023a48e1b000 JavaThread "http-nio-8080-exec-6" daemon [_thread_in_Java, id=21012, stack(0x00000084d9600000,0x00000084d9700000)]
  0x0000023a48e1b800 JavaThread "http-nio-8080-exec-7" daemon [_thread_blocked, id=17612, stack(0x00000084d9700000,0x00000084d9800000)]
  0x0000023a48e1e000 JavaThread "http-nio-8080-exec-8" daemon [_thread_blocked, id=11892, stack(0x00000084d9800000,0x00000084d9900000)]
  0x0000023a48e1c800 JavaThread "http-nio-8080-exec-9" daemon [_thread_blocked, id=8, stack(0x00000084d9900000,0x00000084d9a00000)]
  0x0000023a48e20000 JavaThread "http-nio-8080-exec-10" daemon [_thread_blocked, id=9576, stack(0x00000084d9a00000,0x00000084d9b00000)]
  0x0000023a48e9e000 JavaThread "http-nio-8080-ClientPoller" daemon [_thread_blocked, id=15892, stack(0x00000084d9b00000,0x00000084d9c00000)]
  0x0000023a48e99800 JavaThread "http-nio-8080-Acceptor" daemon [_thread_in_native, id=22744, stack(0x00000084d9c00000,0x00000084d9d00000)]
  0x0000023a48e9b000 JavaThread "DestroyJavaVM" [_thread_blocked, id=8320, stack(0x00000084d6a00000,0x00000084d6b00000)]

Other Threads:
  0x0000023a44be1800 VMThread "VM Thread" [stack: 0x00000084d7000000,0x00000084d7100000] [id=23004]
  0x0000023a46201000 WatcherThread [stack: 0x00000084d7d00000,0x00000084d7e00000] [id=15244]
  0x0000023a21178000 GCTaskThread "GC Thread#0" [stack: 0x00000084d6b00000,0x00000084d6c00000] [id=7880]
  0x0000023a465c4800 GCTaskThread "GC Thread#1" [stack: 0x00000084d7e00000,0x00000084d7f00000] [id=20820]
  0x0000023a465af000 GCTaskThread "GC Thread#2" [stack: 0x00000084d7f00000,0x00000084d8000000] [id=6392]
  0x0000023a465af800 GCTaskThread "GC Thread#3" [stack: 0x00000084d8000000,0x00000084d8100000] [id=14288]
  0x0000023a465e9800 GCTaskThread "GC Thread#4" [stack: 0x00000084d8100000,0x00000084d8200000] [id=10112]
  0x0000023a4842e800 GCTaskThread "GC Thread#5" [stack: 0x00000084d8a00000,0x00000084d8b00000] [id=10896]
  0x0000023a48447000 GCTaskThread "GC Thread#6" [stack: 0x00000084d8b00000,0x00000084d8c00000] [id=23324]
  0x0000023a473ad000 GCTaskThread "GC Thread#7" [stack: 0x00000084d8c00000,0x00000084d8d00000] [id=18184]
  0x0000023a21198800 ConcurrentGCThread "G1 Main Marker" [stack: 0x00000084d6c00000,0x00000084d6d00000] [id=15972]
  0x0000023a21199800 ConcurrentGCThread "G1 Conc#0" [stack: 0x00000084d6d00000,0x00000084d6e00000] [id=10244]
  0x0000023a48692800 ConcurrentGCThread "G1 Conc#1" [stack: 0x00000084d8400000,0x00000084d8500000] [id=1892]
  0x0000023a48371800 ConcurrentGCThread "G1 Conc#2" [stack: 0x00000084d8500000,0x00000084d8600000] [id=15056]
  0x0000023a44b26800 ConcurrentGCThread "G1 Refine#0" [stack: 0x00000084d6e00000,0x00000084d6f00000] [id=14476]
  0x0000023a44b2a000 ConcurrentGCThread "G1 Young RemSet Sampling" [stack: 0x00000084d6f00000,0x00000084d7000000] [id=23240]

Threads with active compile tasks:

VM state:not at safepoint (normal execution)

VM Mutex/Monitor currently owned by a thread: None

Heap address: 0x0000000709400000, size: 3948 MB, Compressed Oops mode: Zero based, Oop shift amount: 3
Narrow klass base: 0x0000000800000000, Narrow klass shift: 3
Compressed class space size: 1073741824 Address: 0x0000000800b40000

Heap:
 garbage-first heap   total 86016K, used 51115K [0x0000000709400000, 0x0000000800000000)
  region size 1024K, 28 young (28672K), 4 survivors (4096K)
 Metaspace       used 57780K, capacity 59377K, committed 59648K, reserved 1099776K
  class space    used 7821K, capacity 8413K, committed 8448K, reserved 1048576K
Heap Regions: E=young(eden), S=young(survivor), O=old, HS=humongous(starts), HC=humongous(continues), CS=collection set, F=free, A=archive, TAMS=top-at-mark-start (previous, next)
|   0|0x0000000709400000, 0x0000000709500000, 0x0000000709500000|100%|HS|  |TAMS 0x0000000709500000, 0x0000000709400000| Complete 
|   1|0x0000000709500000, 0x0000000709600000, 0x0000000709600000|100%| O|  |TAMS 0x0000000709600000, 0x0000000709500000| Untracked 
|   2|0x0000000709600000, 0x0000000709700000, 0x0000000709700000|100%| O|  |TAMS 0x0000000709700000, 0x0000000709600000| Untracked 
|   3|0x0000000709700000, 0x0000000709800000, 0x0000000709800000|100%| O|  |TAMS 0x0000000709800000, 0x0000000709700000| Untracked 
|   4|0x0000000709800000, 0x0000000709840400, 0x0000000709900000| 25%| O|  |TAMS 0x0000000709840400, 0x0000000709800000| Untracked 
|   5|0x0000000709900000, 0x0000000709a00000, 0x0000000709a00000|100%| O|  |TAMS 0x0000000709a00000, 0x0000000709900000| Untracked 
|   6|0x0000000709a00000, 0x0000000709b00000, 0x0000000709b00000|100%| O|  |TAMS 0x0000000709b00000, 0x0000000709a00000| Untracked 
|   7|0x0000000709b00000, 0x0000000709c00000, 0x0000000709c00000|100%| O|  |TAMS 0x0000000709c00000, 0x0000000709b00000| Untracked 
|   8|0x0000000709c00000, 0x0000000709d00000, 0x0000000709d00000|100%| O|  |TAMS 0x0000000709d00000, 0x0000000709c00000| Untracked 
|   9|0x0000000709d00000, 0x0000000709e00000, 0x0000000709e00000|100%| O|  |TAMS 0x0000000709e00000, 0x0000000709d00000| Untracked 
|  10|0x0000000709e00000, 0x0000000709f00000, 0x0000000709f00000|100%| O|  |TAMS 0x0000000709f00000, 0x0000000709e00000| Untracked 
|  11|0x0000000709f00000, 0x000000070a000000, 0x000000070a000000|100%| O|  |TAMS 0x000000070a000000, 0x0000000709f00000| Untracked 
|  12|0x000000070a000000, 0x000000070a100000, 0x000000070a100000|100%| O|  |TAMS 0x000000070a100000, 0x000000070a000000| Untracked 
|  13|0x000000070a100000, 0x000000070a200000, 0x000000070a200000|100%| O|  |TAMS 0x000000070a200000, 0x000000070a100000| Untracked 
|  14|0x000000070a200000, 0x000000070a300000, 0x000000070a300000|100%| O|  |TAMS 0x000000070a300000, 0x000000070a200000| Untracked 
|  15|0x000000070a300000, 0x000000070a400000, 0x000000070a400000|100%| O|  |TAMS 0x000000070a400000, 0x000000070a300000| Untracked 
|  16|0x000000070a400000, 0x000000070a500000, 0x000000070a500000|100%| O|  |TAMS 0x000000070a400000, 0x000000070a400000| Untracked 
|  17|0x000000070a500000, 0x000000070a600000, 0x000000070a600000|100%| O|  |TAMS 0x000000070a500000, 0x000000070a500000| Untracked 
|  18|0x000000070a600000, 0x000000070a700000, 0x000000070a700000|100%| O|  |TAMS 0x000000070a600000, 0x000000070a600000| Untracked 
|  19|0x000000070a700000, 0x000000070a800000, 0x000000070a800000|100%| O|  |TAMS 0x000000070a700000, 0x000000070a700000| Untracked 
|  20|0x000000070a800000, 0x000000070a900000, 0x000000070a900000|100%| O|  |TAMS 0x000000070a800000, 0x000000070a800000| Untracked 
|  21|0x000000070a900000, 0x000000070aa00000, 0x000000070aa00000|100%| O|  |TAMS 0x000000070a900000, 0x000000070a900000| Untracked 
|  22|0x000000070aa00000, 0x000000070ab00000, 0x000000070ab00000|100%| O|  |TAMS 0x000000070aa00000, 0x000000070aa00000| Untracked 
|  23|0x000000070ab00000, 0x000000070ac00000, 0x000000070ac00000|100%| O|  |TAMS 0x000000070ab00000, 0x000000070ab00000| Untracked 
|  24|0x000000070ac00000, 0x000000070ad00000, 0x000000070ad00000|100%| O|  |TAMS 0x000000070ac00000, 0x000000070ac00000| Untracked 
|  25|0x000000070ad00000, 0x000000070ad31000, 0x000000070ae00000| 19%| O|  |TAMS 0x000000070ad00000, 0x000000070ad00000| Untracked 
|  26|0x000000070ae00000, 0x000000070ae00000, 0x000000070af00000|  0%| F|  |TAMS 0x000000070ae00000, 0x000000070ae00000| Untracked 
|  27|0x000000070af00000, 0x000000070af00000, 0x000000070b000000|  0%| F|  |TAMS 0x000000070af00000, 0x000000070af00000| Untracked 
|  28|0x000000070b000000, 0x000000070b000000, 0x000000070b100000|  0%| F|  |TAMS 0x000000070b000000, 0x000000070b000000| Untracked 
|  29|0x000000070b100000, 0x000000070b100000, 0x000000070b200000|  0%| F|  |TAMS 0x000000070b100000, 0x000000070b100000| Untracked 
|  30|0x000000070b200000, 0x000000070b200000, 0x000000070b300000|  0%| F|  |TAMS 0x000000070b200000, 0x000000070b200000| Untracked 
|  31|0x000000070b300000, 0x000000070b300000, 0x000000070b400000|  0%| F|  |TAMS 0x000000070b300000, 0x000000070b300000| Untracked 
|  32|0x000000070b400000, 0x000000070b400000, 0x000000070b500000|  0%| F|  |TAMS 0x000000070b400000, 0x000000070b400000| Untracked 
|  33|0x000000070b500000, 0x000000070b500000, 0x000000070b600000|  0%| F|  |TAMS 0x000000070b500000, 0x000000070b500000| Untracked 
|  34|0x000000070b600000, 0x000000070b600000, 0x000000070b700000|  0%| F|  |TAMS 0x000000070b600000, 0x000000070b600000| Untracked 
|  35|0x000000070b700000, 0x000000070b700000, 0x000000070b800000|  0%| F|  |TAMS 0x000000070b700000, 0x000000070b700000| Untracked 
|  36|0x000000070b800000, 0x000000070b800000, 0x000000070b900000|  0%| F|  |TAMS 0x000000070b800000, 0x000000070b800000| Untracked 
|  37|0x000000070b900000, 0x000000070b900000, 0x000000070ba00000|  0%| F|  |TAMS 0x000000070b900000, 0x000000070b900000| Untracked 
|  38|0x000000070ba00000, 0x000000070ba00000, 0x000000070bb00000|  0%| F|  |TAMS 0x000000070ba00000, 0x000000070ba00000| Untracked 
|  39|0x000000070bb00000, 0x000000070bb00000, 0x000000070bc00000|  0%| F|  |TAMS 0x000000070bb00000, 0x000000070bb00000| Untracked 
|  40|0x000000070bc00000, 0x000000070bc00000, 0x000000070bd00000|  0%| F|  |TAMS 0x000000070bc00000, 0x000000070bc00000| Untracked 
|  41|0x000000070bd00000, 0x000000070bd00000, 0x000000070be00000|  0%| F|  |TAMS 0x000000070bd00000, 0x000000070bd00000| Untracked 
|  42|0x000000070be00000, 0x000000070be00000, 0x000000070bf00000|  0%| F|  |TAMS 0x000000070be00000, 0x000000070be00000| Untracked 
|  43|0x000000070bf00000, 0x000000070bf00000, 0x000000070c000000|  0%| F|  |TAMS 0x000000070bf00000, 0x000000070bf00000| Untracked 
|  44|0x000000070c000000, 0x000000070c000000, 0x000000070c100000|  0%| F|  |TAMS 0x000000070c000000, 0x000000070c000000| Untracked 
|  45|0x000000070c100000, 0x000000070c100000, 0x000000070c200000|  0%| F|  |TAMS 0x000000070c100000, 0x000000070c100000| Untracked 
|  46|0x000000070c200000, 0x000000070c200000, 0x000000070c300000|  0%| F|  |TAMS 0x000000070c200000, 0x000000070c200000| Untracked 
|  47|0x000000070c300000, 0x000000070c379a70, 0x000000070c400000| 47%| S|CS|TAMS 0x000000070c300000, 0x000000070c300000| Complete 
|  48|0x000000070c400000, 0x000000070c500000, 0x000000070c500000|100%| S|CS|TAMS 0x000000070c400000, 0x000000070c400000| Complete 
|  49|0x000000070c500000, 0x000000070c600000, 0x000000070c600000|100%| S|CS|TAMS 0x000000070c500000, 0x000000070c500000| Complete 
|  50|0x000000070c600000, 0x000000070c700000, 0x000000070c700000|100%| S|CS|TAMS 0x000000070c600000, 0x000000070c600000| Complete 
|  51|0x000000070c700000, 0x000000070c700000, 0x000000070c800000|  0%| F|  |TAMS 0x000000070c700000, 0x000000070c700000| Untracked 
|  52|0x000000070c800000, 0x000000070c800000, 0x000000070c900000|  0%| F|  |TAMS 0x000000070c800000, 0x000000070c800000| Untracked 
|  53|0x000000070c900000, 0x000000070c900000, 0x000000070ca00000|  0%| F|  |TAMS 0x000000070c900000, 0x000000070c900000| Untracked 
|  54|0x000000070ca00000, 0x000000070ca00000, 0x000000070cb00000|  0%| F|  |TAMS 0x000000070ca00000, 0x000000070ca00000| Untracked 
|  55|0x000000070cb00000, 0x000000070cb00000, 0x000000070cc00000|  0%| F|  |TAMS 0x000000070cb00000, 0x000000070cb00000| Untracked 
|  56|0x000000070cc00000, 0x000000070cc00000, 0x000000070cd00000|  0%| F|  |TAMS 0x000000070cc00000, 0x000000070cc00000| Untracked 
|  57|0x000000070cd00000, 0x000000070cd00000, 0x000000070ce00000|  0%| F|  |TAMS 0x000000070cd00000, 0x000000070cd00000| Untracked 
|  58|0x000000070ce00000, 0x000000070ce00000, 0x000000070cf00000|  0%| F|  |TAMS 0x000000070ce00000, 0x000000070ce00000| Untracked 
|  59|0x000000070cf00000, 0x000000070cf00000, 0x000000070d000000|  0%| F|  |TAMS 0x000000070cf00000, 0x000000070cf00000| Untracked 
|  60|0x000000070d000000, 0x000000070d091398, 0x000000070d100000| 56%| E|  |TAMS 0x000000070d000000, 0x000000070d000000| Complete 
|  61|0x000000070d100000, 0x000000070d200000, 0x000000070d200000|100%| E|CS|TAMS 0x000000070d100000, 0x000000070d100000| Complete 
|  62|0x000000070d200000, 0x000000070d300000, 0x000000070d300000|100%| E|  |TAMS 0x000000070d200000, 0x000000070d200000| Complete 
|  63|0x000000070d300000, 0x000000070d400000, 0x000000070d400000|100%| E|CS|TAMS 0x000000070d300000, 0x000000070d300000| Complete 
|  64|0x000000070d400000, 0x000000070d500000, 0x000000070d500000|100%| E|CS|TAMS 0x000000070d400000, 0x000000070d400000| Complete 
|  65|0x000000070d500000, 0x000000070d600000, 0x000000070d600000|100%| E|CS|TAMS 0x000000070d500000, 0x000000070d500000| Complete 
|  66|0x000000070d600000, 0x000000070d700000, 0x000000070d700000|100%| E|CS|TAMS 0x000000070d600000, 0x000000070d600000| Complete 
|  67|0x000000070d700000, 0x000000070d800000, 0x000000070d800000|100%| E|CS|TAMS 0x000000070d700000, 0x000000070d700000| Complete 
|  68|0x000000070d800000, 0x000000070d900000, 0x000000070d900000|100%| E|CS|TAMS 0x000000070d800000, 0x000000070d800000| Complete 
|  69|0x000000070d900000, 0x000000070da00000, 0x000000070da00000|100%| E|CS|TAMS 0x000000070d900000, 0x000000070d900000| Complete 
|  70|0x000000070da00000, 0x000000070db00000, 0x000000070db00000|100%| E|CS|TAMS 0x000000070da00000, 0x000000070da00000| Complete 
|  71|0x000000070db00000, 0x000000070dc00000, 0x000000070dc00000|100%| E|CS|TAMS 0x000000070db00000, 0x000000070db00000| Complete 
|  72|0x000000070dc00000, 0x000000070dd00000, 0x000000070dd00000|100%| E|CS|TAMS 0x000000070dc00000, 0x000000070dc00000| Complete 
|  73|0x000000070dd00000, 0x000000070de00000, 0x000000070de00000|100%| E|CS|TAMS 0x000000070dd00000, 0x000000070dd00000| Complete 
|  74|0x000000070de00000, 0x000000070df00000, 0x000000070df00000|100%| E|CS|TAMS 0x000000070de00000, 0x000000070de00000| Complete 
|  75|0x000000070df00000, 0x000000070e000000, 0x000000070e000000|100%| E|CS|TAMS 0x000000070df00000, 0x000000070df00000| Complete 
|  76|0x000000070e000000, 0x000000070e100000, 0x000000070e100000|100%| E|CS|TAMS 0x000000070e000000, 0x000000070e000000| Complete 
|  77|0x000000070e100000, 0x000000070e200000, 0x000000070e200000|100%| E|CS|TAMS 0x000000070e100000, 0x000000070e100000| Complete 
|  78|0x000000070e200000, 0x000000070e300000, 0x000000070e300000|100%| E|CS|TAMS 0x000000070e200000, 0x000000070e200000| Complete 
| 137|0x0000000711d00000, 0x0000000711e00000, 0x0000000711e00000|100%| E|CS|TAMS 0x0000000711d00000, 0x0000000711d00000| Complete 
| 138|0x0000000711e00000, 0x0000000711f00000, 0x0000000711f00000|100%| E|CS|TAMS 0x0000000711e00000, 0x0000000711e00000| Complete 
| 201|0x0000000715d00000, 0x0000000715e00000, 0x0000000715e00000|100%| E|CS|TAMS 0x0000000715d00000, 0x0000000715d00000| Complete 
| 202|0x0000000715e00000, 0x0000000715f00000, 0x0000000715f00000|100%| E|CS|TAMS 0x0000000715e00000, 0x0000000715e00000| Complete 
| 247|0x0000000718b00000, 0x0000000718c00000, 0x0000000718c00000|100%| E|CS|TAMS 0x0000000718b00000, 0x0000000718b00000| Complete 

Card table byte_map: [0x0000023a39640000,0x0000023a39e00000] _byte_map_base: 0x0000023a35df6000

Marking Bits (Prev, Next): (CMBitMap*) 0x0000023a21178af8, (CMBitMap*) 0x0000023a21178b38
 Prev Bits: [0x0000023a3a5c0000, 0x0000023a3e370000)
 Next Bits: [0x0000023a3e370000, 0x0000023a42120000)

Polling page: 0x0000023a1edb0000

Metaspace:

Usage:
  Non-class:     49.77 MB capacity,    48.79 MB ( 98%) used,   816.08 KB (  2%) free+waste,   189.00 KB ( <1%) overhead. 
      Class:      8.22 MB capacity,     7.64 MB ( 93%) used,   501.11 KB (  6%) free+waste,    90.31 KB (  1%) overhead. 
       Both:     57.99 MB capacity,    56.43 MB ( 97%) used,     1.29 MB (  2%) free+waste,   279.31 KB ( <1%) overhead. 

Virtual space:
  Non-class space:       50.00 MB reserved,      50.00 MB (100%) committed 
      Class space:        1.00 GB reserved,       8.25 MB ( <1%) committed 
             Both:        1.05 GB reserved,      58.25 MB (  5%) committed 

Chunk freelists:
   Non-Class:  44.00 KB
       Class:  3.00 KB
        Both:  47.00 KB

MaxMetaspaceSize: 17179869184.00 GB
CompressedClassSpaceSize: 1.00 GB

CodeHeap 'non-profiled nmethods': size=233856Kb used=11887Kb max_used=11962Kb free=221969Kb
 bounds [0x0000023a2a190000, 0x0000023a2ad40000, 0x0000023a385f0000]
CodeHeap 'non-nmethods': size=11904Kb used=1415Kb max_used=1415Kb free=10489Kb
 bounds [0x0000023a295f0000, 0x0000023a29860000, 0x0000023a2a190000]
 total_blobs=7712 nmethods=6667 adapters=557
 compilation: enabled
              stopped_count=0, restarted_count=0
 full_count=0

Compilation events (20 events):
Event: 259.505 Thread 0x0000023a45b54800 6808       1       java.nio.charset.CharsetDecoder::decode (136 bytes)
Event: 259.506 Thread 0x0000023a45b54800 nmethod 6808 0x0000023a2a19fa10 code [0x0000023a2a19fc60, 0x0000023a2a1a0550]
Event: 259.506 Thread 0x0000023a45b54800 6809       1       java.nio.CharBuffer::length (5 bytes)
Event: 259.506 Thread 0x0000023a45b54800 nmethod 6809 0x0000023a2a19f690 code [0x0000023a2a19f820, 0x0000023a2a19f958]
Event: 259.506 Thread 0x0000023a45b54800 6810   !   1       org.apache.tomcat.util.buf.StringCache::toString (615 bytes)
Event: 259.508 Thread 0x0000023a45b54800 nmethod 6810 0x0000023a2a88a490 code [0x0000023a2a88a960, 0x0000023a2a88cc70]
Event: 259.508 Thread 0x0000023a45b54800 6811       1       org.apache.tomcat.util.buf.ByteChunk::toStringInternal (62 bytes)
Event: 259.509 Thread 0x0000023a45b54800 nmethod 6811 0x0000023a2a270990 code [0x0000023a2a270c60, 0x0000023a2a2716a0]
Event: 259.509 Thread 0x0000023a45b54800 6812   !   1       java.nio.charset.Charset::decode (31 bytes)
Event: 259.509 Thread 0x0000023a45b54800 nmethod 6812 0x0000023a2a270110 code [0x0000023a2a270300, 0x0000023a2a270720]
Event: 259.509 Thread 0x0000023a45b54800 6813       1       sun.nio.cs.ThreadLocalCoders$1::hasName (43 bytes)
Event: 259.509 Thread 0x0000023a45b54800 nmethod 6813 0x0000023a2a619a90 code [0x0000023a2a619c60, 0x0000023a2a61a060]
Event: 259.509 Thread 0x0000023a45b54800 6815       1       sun.nio.cs.ISO_8859_1$Decoder::decodeLoop (28 bytes)
Event: 259.510 Thread 0x0000023a45b54800 nmethod 6815 0x0000023a2a19f190 code [0x0000023a2a19f340, 0x0000023a2a19f580]
Event: 259.510 Thread 0x0000023a45b54800 6814       1       org.springframework.util.LinkedCaseInsensitiveMap::removeEldestEntry (2 bytes)
Event: 259.510 Thread 0x0000023a45b54800 nmethod 6814 0x0000023a2a26fc10 code [0x0000023a2a26fda0, 0x0000023a2a26fed8]
Event: 259.510 Thread 0x0000023a45b54800 6816       1       com.fasterxml.jackson.databind.type.MapLikeType::isContainerType (2 bytes)
Event: 259.510 Thread 0x0000023a45b54800 nmethod 6816 0x0000023a2a619710 code [0x0000023a2a6198a0, 0x0000023a2a6199d8]
Event: 268.783 Thread 0x0000023a45b54800 6817       1       org.apache.coyote.AbstractProtocol$2::run (49 bytes)
Event: 268.784 Thread 0x0000023a45b54800 nmethod 6817 0x0000023a2a619110 code [0x0000023a2a6192e0, 0x0000023a2a619580]

GC Heap History (20 events):
Event: 2.472 GC heap before
{Heap before GC invocations=6 (full 0):
 garbage-first heap   total 51200K, used 36097K [0x0000000709400000, 0x0000000800000000)
  region size 1024K, 24 young (24576K), 3 survivors (3072K)
 Metaspace       used 26707K, capacity 27747K, committed 27904K, reserved 1073152K
  class space    used 3599K, capacity 3993K, committed 4096K, reserved 1048576K
}
Event: 2.478 GC heap after
{Heap after GC invocations=7 (full 0):
 garbage-first heap   total 51200K, used 16513K [0x0000000709400000, 0x0000000800000000)
  region size 1024K, 1 young (1024K), 1 survivors (1024K)
 Metaspace       used 26707K, capacity 27747K, committed 27904K, reserved 1073152K
  class space    used 3599K, capacity 3993K, committed 4096K, reserved 1048576K
}
Event: 2.482 GC heap before
{Heap before GC invocations=7 (full 0):
 garbage-first heap   total 51200K, used 36993K [0x0000000709400000, 0x0000000800000000)
  region size 1024K, 22 young (22528K), 1 survivors (1024K)
 Metaspace       used 26707K, capacity 27747K, committed 27904K, reserved 1073152K
  class space    used 3599K, capacity 3993K, committed 4096K, reserved 1048576K
}
Event: 2.484 GC heap after
{Heap after GC invocations=8 (full 0):
 garbage-first heap   total 152576K, used 16638K [0x0000000709400000, 0x0000000800000000)
  region size 1024K, 1 young (1024K), 1 survivors (1024K)
 Metaspace       used 26707K, capacity 27747K, committed 27904K, reserved 1073152K
  class space    used 3599K, capacity 3993K, committed 4096K, reserved 1048576K
}
Event: 2.871 GC heap before
{Heap before GC invocations=8 (full 0):
 garbage-first heap   total 152576K, used 77054K [0x0000000709400000, 0x0000000800000000)
  region size 1024K, 61 young (62464K), 1 survivors (1024K)
 Metaspace       used 33404K, capacity 34517K, committed 34816K, reserved 1079296K
  class space    used 4624K, capacity 5035K, committed 5120K, reserved 1048576K
}
Event: 2.874 GC heap after
{Heap after GC invocations=9 (full 0):
 garbage-first heap   total 152576K, used 17841K [0x0000000709400000, 0x0000000800000000)
  region size 1024K, 3 young (3072K), 3 survivors (3072K)
 Metaspace       used 33404K, capacity 34517K, committed 34816K, reserved 1079296K
  class space    used 4624K, capacity 5035K, committed 5120K, reserved 1048576K
}
Event: 2.960 GC heap before
{Heap before GC invocations=9 (full 0):
 garbage-first heap   total 152576K, used 25009K [0x0000000709400000, 0x0000000800000000)
  region size 1024K, 11 young (11264K), 3 survivors (3072K)
 Metaspace       used 34671K, capacity 35754K, committed 35840K, reserved 1079296K
  class space    used 4753K, capacity 5170K, committed 5248K, reserved 1048576K
}
Event: 2.963 GC heap after
{Heap after GC invocations=10 (full 0):
 garbage-first heap   total 152576K, used 19326K [0x0000000709400000, 0x0000000800000000)
  region size 1024K, 4 young (4096K), 4 survivors (4096K)
 Metaspace       used 34671K, capacity 35754K, committed 35840K, reserved 1079296K
  class space    used 4753K, capacity 5170K, committed 5248K, reserved 1048576K
}
Event: 3.318 GC heap before
{Heap before GC invocations=11 (full 0):
 garbage-first heap   total 71680K, used 58238K [0x0000000709400000, 0x0000000800000000)
  region size 1024K, 42 young (43008K), 4 survivors (4096K)
 Metaspace       used 40388K, capacity 41446K, committed 41600K, reserved 1085440K
  class space    used 5513K, capacity 5934K, committed 6016K, reserved 1048576K
}
Event: 3.321 GC heap after
{Heap after GC invocations=12 (full 0):
 garbage-first heap   total 71680K, used 20788K [0x0000000709400000, 0x0000000800000000)
  region size 1024K, 5 young (5120K), 5 survivors (5120K)
 Metaspace       used 40388K, capacity 41446K, committed 41600K, reserved 1085440K
  class space    used 5513K, capacity 5934K, committed 6016K, reserved 1048576K
}
Event: 3.660 GC heap before
{Heap before GC invocations=12 (full 0):
 garbage-first heap   total 71680K, used 51508K [0x0000000709400000, 0x0000000800000000)
  region size 1024K, 35 young (35840K), 5 survivors (5120K)
 Metaspace       used 43474K, capacity 44630K, committed 44928K, reserved 1087488K
  class space    used 5999K, capacity 6434K, committed 6528K, reserved 1048576K
}
Event: 3.663 GC heap after
{Heap after GC invocations=13 (full 0):
 garbage-first heap   total 71680K, used 22063K [0x0000000709400000, 0x0000000800000000)
  region size 1024K, 3 young (3072K), 3 survivors (3072K)
 Metaspace       used 43474K, capacity 44630K, committed 44928K, reserved 1087488K
  class space    used 5999K, capacity 6434K, committed 6528K, reserved 1048576K
}
Event: 3.915 GC heap before
{Heap before GC invocations=13 (full 0):
 garbage-first heap   total 71680K, used 52783K [0x0000000709400000, 0x0000000800000000)
  region size 1024K, 33 young (33792K), 3 survivors (3072K)
 Metaspace       used 46694K, capacity 47973K, committed 48128K, reserved 1091584K
  class space    used 6410K, capacity 6907K, committed 6912K, reserved 1048576K
}
Event: 3.918 GC heap after
{Heap after GC invocations=14 (full 0):
 garbage-first heap   total 71680K, used 23744K [0x0000000709400000, 0x0000000800000000)
  region size 1024K, 3 young (3072K), 3 survivors (3072K)
 Metaspace       used 46694K, capacity 47973K, committed 48128K, reserved 1091584K
  class space    used 6410K, capacity 6907K, committed 6912K, reserved 1048576K
}
Event: 4.341 GC heap before
{Heap before GC invocations=14 (full 0):
 garbage-first heap   total 71680K, used 54464K [0x0000000709400000, 0x0000000800000000)
  region size 1024K, 33 young (33792K), 3 survivors (3072K)
 Metaspace       used 49531K, capacity 50868K, committed 51072K, reserved 1093632K
  class space    used 6735K, capacity 7249K, committed 7296K, reserved 1048576K
}
Event: 4.344 GC heap after
{Heap after GC invocations=15 (full 0):
 garbage-first heap   total 71680K, used 25135K [0x0000000709400000, 0x0000000800000000)
  region size 1024K, 3 young (3072K), 3 survivors (3072K)
 Metaspace       used 49531K, capacity 50868K, committed 51072K, reserved 1093632K
  class space    used 6735K, capacity 7249K, committed 7296K, reserved 1048576K
}
Event: 4.618 GC heap before
{Heap before GC invocations=15 (full 0):
 garbage-first heap   total 71680K, used 54831K [0x0000000709400000, 0x0000000800000000)
  region size 1024K, 32 young (32768K), 3 survivors (3072K)
 Metaspace       used 51761K, capacity 53159K, committed 53504K, reserved 1095680K
  class space    used 7038K, capacity 7558K, committed 7680K, reserved 1048576K
}
Event: 4.621 GC heap after
{Heap after GC invocations=16 (full 0):
 garbage-first heap   total 86016K, used 27340K [0x0000000709400000, 0x0000000800000000)
  region size 1024K, 4 young (4096K), 4 survivors (4096K)
 Metaspace       used 51761K, capacity 53159K, committed 53504K, reserved 1095680K
  class space    used 7038K, capacity 7558K, committed 7680K, reserved 1048576K
}
Event: 29.493 GC heap before
{Heap before GC invocations=16 (full 0):
 garbage-first heap   total 86016K, used 60108K [0x0000000709400000, 0x0000000800000000)
  region size 1024K, 37 young (37888K), 4 survivors (4096K)
 Metaspace       used 55767K, capacity 57265K, committed 57344K, reserved 1097728K
  class space    used 7570K, capacity 8140K, committed 8192K, reserved 1048576K
}
Event: 29.496 GC heap after
{Heap after GC invocations=17 (full 0):
 garbage-first heap   total 86016K, used 28587K [0x0000000709400000, 0x0000000800000000)
  region size 1024K, 4 young (4096K), 4 survivors (4096K)
 Metaspace       used 55767K, capacity 57265K, committed 57344K, reserved 1097728K
  class space    used 7570K, capacity 8140K, committed 8192K, reserved 1048576K
}

Deoptimization events (20 events):
Event: 245.590 Thread 0x0000023a48e1b800 DEOPT PACKING pc=0x0000023a2a2c917c sp=0x00000084d97f9a90
Event: 245.590 Thread 0x0000023a48e1b800 DEOPT UNPACKING pc=0x0000023a2963964e sp=0x00000084d97f8f80 mode 1
Event: 245.592 Thread 0x0000023a48e1b800 DEOPT PACKING pc=0x0000023a2a347d0c sp=0x00000084d97f8c80
Event: 245.592 Thread 0x0000023a48e1b800 DEOPT UNPACKING pc=0x0000023a2963964e sp=0x00000084d97f8118 mode 1
Event: 245.592 Thread 0x0000023a48e1b800 DEOPT PACKING pc=0x0000023a2a33eabc sp=0x00000084d97f8d50
Event: 245.592 Thread 0x0000023a48e1b800 DEOPT UNPACKING pc=0x0000023a2963964e sp=0x00000084d97f8208 mode 1
Event: 245.592 Thread 0x0000023a48e1b800 DEOPT PACKING pc=0x0000023a2a2c917c sp=0x00000084d97f97f0
Event: 245.592 Thread 0x0000023a48e1b800 DEOPT UNPACKING pc=0x0000023a2963964e sp=0x00000084d97f8ce0 mode 1
Event: 245.593 Thread 0x0000023a48e1b800 DEOPT PACKING pc=0x0000023a2a347d0c sp=0x00000084d97f8c80
Event: 245.593 Thread 0x0000023a48e1b800 DEOPT UNPACKING pc=0x0000023a2963964e sp=0x00000084d97f8118 mode 1
Event: 245.593 Thread 0x0000023a48e1b800 DEOPT PACKING pc=0x0000023a2a33eabc sp=0x00000084d97f8d50
Event: 245.593 Thread 0x0000023a48e1b800 DEOPT UNPACKING pc=0x0000023a2963964e sp=0x00000084d97f8208 mode 1
Event: 245.593 Thread 0x0000023a48e1b800 DEOPT PACKING pc=0x0000023a2a2c917c sp=0x00000084d97f97f0
Event: 245.593 Thread 0x0000023a48e1b800 DEOPT UNPACKING pc=0x0000023a2963964e sp=0x00000084d97f8ce0 mode 1
Event: 273.383 Thread 0x0000023a48e1b000 DEOPT PACKING pc=0x0000023a2a347d0c sp=0x00000084d96fbc90
Event: 273.383 Thread 0x0000023a48e1b000 DEOPT UNPACKING pc=0x0000023a2963964e sp=0x00000084d96fb128 mode 1
Event: 273.383 Thread 0x0000023a48e1b000 DEOPT PACKING pc=0x0000023a2a33eabc sp=0x00000084d96fbd60
Event: 273.383 Thread 0x0000023a48e1b000 DEOPT UNPACKING pc=0x0000023a2963964e sp=0x00000084d96fb218 mode 1
Event: 273.383 Thread 0x0000023a48e1b000 DEOPT PACKING pc=0x0000023a2a2c917c sp=0x00000084d96fc800
Event: 273.383 Thread 0x0000023a48e1b000 DEOPT UNPACKING pc=0x0000023a2963964e sp=0x00000084d96fbcf0 mode 1

Classes unloaded (0 events):
No events

Classes redefined (0 events):
No events

Internal exceptions (20 events):
Event: 245.524 Thread 0x0000023a48e1b800 Exception <a 'java/lang/ClassNotFoundException'{0x000000070d9434e8}: org/springframework/data/repository/core/support/TransactionalRepositoryFactoryBeanSupportCustomizer> (0x000000070d9434e8) 
thrown [t:/workspace/open/src/hotspot/share/classfile/systemDictionary.cpp, line 232]
Event: 245.525 Thread 0x0000023a48e1b800 Exception <a 'java/lang/ClassNotFoundException'{0x000000070d95f948}: org/springframework/data/jpa/repository/support/JpaRepositoryFactoryBeanCustomizer> (0x000000070d95f948) 
thrown [t:/workspace/open/src/hotspot/share/classfile/systemDictionary.cpp, line 232]
Event: 245.527 Thread 0x0000023a48e1b800 Exception <a 'java/lang/ClassNotFoundException'{0x000000070d994c20}: org/springframework/beans/factory/BeanFactoryAwareCustomizer> (0x000000070d994c20) 
thrown [t:/workspace/open/src/hotspot/share/classfile/systemDictionary.cpp, line 232]
Event: 245.528 Thread 0x0000023a48e1b800 Exception <a 'java/lang/ClassNotFoundException'{0x000000070d9a5930}: org/springframework/beans/factory/AwareCustomizer> (0x000000070d9a5930) 
thrown [t:/workspace/open/src/hotspot/share/classfile/systemDictionary.cpp, line 232]
Event: 245.529 Thread 0x0000023a48e1b800 Exception <a 'java/lang/ClassNotFoundException'{0x000000070d9b6e38}: org/springframework/beans/factory/InitializingBeanCustomizer> (0x000000070d9b6e38) 
thrown [t:/workspace/open/src/hotspot/share/classfile/systemDictionary.cpp, line 232]
Event: 245.529 Thread 0x0000023a48e1b800 Exception <a 'java/lang/ClassNotFoundException'{0x000000070d9cc0c0}: org/springframework/data/repository/core/support/RepositoryFactoryInformationCustomizer> (0x000000070d9cc0c0) 
thrown [t:/workspace/open/src/hotspot/share/classfile/systemDictionary.cpp, line 232]
Event: 245.530 Thread 0x0000023a48e1b800 Exception <a 'java/lang/ClassNotFoundException'{0x000000070d9e1230}: org/springframework/beans/factory/FactoryBeanCustomizer> (0x000000070d9e1230) 
thrown [t:/workspace/open/src/hotspot/share/classfile/systemDictionary.cpp, line 232]
Event: 245.531 Thread 0x0000023a48e1b800 Exception <a 'java/lang/ClassNotFoundException'{0x000000070d9f55f8}: org/springframework/beans/factory/BeanClassLoaderAwareCustomizer> (0x000000070d9f55f8) 
thrown [t:/workspace/open/src/hotspot/share/classfile/systemDictionary.cpp, line 232]
Event: 245.532 Thread 0x0000023a48e1b800 Exception <a 'java/lang/ClassNotFoundException'{0x000000070d806298}: org/springframework/beans/factory/AwareCustomizer> (0x000000070d806298) 
thrown [t:/workspace/open/src/hotspot/share/classfile/systemDictionary.cpp, line 232]
Event: 245.532 Thread 0x0000023a48e1b800 Exception <a 'java/lang/ClassNotFoundException'{0x000000070d817500}: org/springframework/beans/factory/BeanFactoryAwareCustomizer> (0x000000070d817500) 
thrown [t:/workspace/open/src/hotspot/share/classfile/systemDictionary.cpp, line 232]
Event: 245.533 Thread 0x0000023a48e1b800 Exception <a 'java/lang/ClassNotFoundException'{0x000000070d828468}: org/springframework/beans/factory/AwareCustomizer> (0x000000070d828468) 
thrown [t:/workspace/open/src/hotspot/share/classfile/systemDictionary.cpp, line 232]
Event: 245.534 Thread 0x0000023a48e1b800 Exception <a 'java/lang/ClassNotFoundException'{0x000000070d83a928}: org/springframework/context/ApplicationEventPublisherAwareCustomizer> (0x000000070d83a928) 
thrown [t:/workspace/open/src/hotspot/share/classfile/systemDictionary.cpp, line 232]
Event: 245.534 Thread 0x0000023a48e1b800 Exception <a 'java/lang/ClassNotFoundException'{0x000000070d84b1d0}: org/springframework/beans/factory/AwareCustomizer> (0x000000070d84b1d0) 
thrown [t:/workspace/open/src/hotspot/share/classfile/systemDictionary.cpp, line 232]
Event: 245.537 Thread 0x0000023a48e1b800 Exception <a 'java/lang/ClassNotFoundException'{0x000000070d85d9d0}: java/lang/ObjectCustomizer> (0x000000070d85d9d0) 
thrown [t:/workspace/open/src/hotspot/share/classfile/systemDictionary.cpp, line 232]
Event: 245.538 Thread 0x0000023a48e1b800 Exception <a 'java/lang/ClassNotFoundException'{0x000000070d8739d0}: org/springframework/core/io/support/PropertiesLoaderSupportCustomizer> (0x000000070d8739d0) 
thrown [t:/workspace/open/src/hotspot/share/classfile/systemDictionary.cpp, line 232]
Event: 245.538 Thread 0x0000023a48e1b800 Exception <a 'java/lang/ClassNotFoundException'{0x000000070d88d8f0}: org/springframework/beans/factory/config/PropertiesFactoryBeanCustomizer> (0x000000070d88d8f0) 
thrown [t:/workspace/open/src/hotspot/share/classfile/systemDictionary.cpp, line 232]
Event: 245.539 Thread 0x0000023a48e1b800 Exception <a 'java/lang/ClassNotFoundException'{0x000000070d8ac800}: org/springframework/beans/factory/FactoryBeanCustomizer> (0x000000070d8ac800) 
thrown [t:/workspace/open/src/hotspot/share/classfile/systemDictionary.cpp, line 232]
Event: 245.540 Thread 0x0000023a48e1b800 Exception <a 'java/lang/ClassNotFoundException'{0x000000070d8c0720}: org/springframework/beans/factory/InitializingBeanCustomizer> (0x000000070d8c0720) 
thrown [t:/workspace/open/src/hotspot/share/classfile/systemDictionary.cpp, line 232]
Event: 245.586 Thread 0x0000023a48e1b800 Exception <a 'java/lang/ClassNotFoundException'{0x000000070d13df28}: java/lang/ObjectCustomizer> (0x000000070d13df28) 
thrown [t:/workspace/open/src/hotspot/share/classfile/systemDictionary.cpp, line 232]
Event: 245.587 Thread 0x0000023a48e1b800 Exception <a 'java/lang/ClassNotFoundException'{0x000000070d153030}: org/thirteen/datamation/core/generate/po/RentalStockPOCustomizer> (0x000000070d153030) 
thrown [t:/workspace/open/src/hotspot/share/classfile/systemDictionary.cpp, line 232]

Events (20 events):
Event: 273.386 Executing VM operation: GetFrameCount
Event: 273.386 Executing VM operation: GetFrameCount done
Event: 273.386 Executing VM operation: GetStackTrace
Event: 273.386 Executing VM operation: GetStackTrace done
Event: 273.387 Executing VM operation: GetFrameLocation
Event: 273.388 Executing VM operation: GetFrameLocation done
Event: 273.388 Executing VM operation: get/set locals
Event: 273.388 Executing VM operation: get/set locals done
Event: 273.390 Executing VM operation: get/set locals
Event: 273.390 Executing VM operation: get/set locals done
Event: 273.390 Executing VM operation: get/set locals
Event: 273.390 Executing VM operation: get/set locals done
Event: 273.420 Executing VM operation: RevokeBias
Event: 273.420 Executing VM operation: RevokeBias done
Event: 273.422 Executing VM operation: GetFrameCount
Event: 273.422 Executing VM operation: GetFrameCount done
Event: 273.422 Executing VM operation: GetFrameCount
Event: 273.422 Executing VM operation: GetFrameCount done
Event: 273.422 Executing VM operation: GetStackTrace
Event: 273.422 Executing VM operation: GetStackTrace done


Dynamic libraries:
0x00007ff733310000 - 0x00007ff73331d000 	D:\software\jdk-13\bin\java.exe
0x00007ff8ddb40000 - 0x00007ff8ddd30000 	C:\Windows\SYSTEM32\ntdll.dll
0x00007ff8dda40000 - 0x00007ff8ddaf2000 	C:\Windows\System32\KERNEL32.DLL
0x00007ff8db700000 - 0x00007ff8db9a4000 	C:\Windows\System32\KERNELBASE.dll
0x00007ff8dab60000 - 0x00007ff8dac5a000 	C:\Windows\System32\ucrtbase.dll
0x00007ff8ca300000 - 0x00007ff8ca318000 	D:\software\jdk-13\bin\jli.dll
0x00007ff8cfcc0000 - 0x00007ff8cfcd5000 	D:\software\jdk-13\bin\VCRUNTIME140.dll
0x00007ff8dbfa0000 - 0x00007ff8dc134000 	C:\Windows\System32\USER32.dll
0x00007ff8dbbc0000 - 0x00007ff8dbbe1000 	C:\Windows\System32\win32u.dll
0x00007ff8dbd30000 - 0x00007ff8dbd56000 	C:\Windows\System32\GDI32.dll
0x00007ff8dba00000 - 0x00007ff8dbb96000 	C:\Windows\System32\gdi32full.dll
0x00007ff8daac0000 - 0x00007ff8dab5e000 	C:\Windows\System32\msvcp_win.dll
0x00007ff8d3420000 - 0x00007ff8d36a4000 	C:\Windows\WinSxS\amd64_microsoft.windows.common-controls_6595b64144ccf1df_6.0.18362.959_none_e6c7bbbf130c62bb\COMCTL32.dll
0x00007ff8dd2a0000 - 0x00007ff8dd33e000 	C:\Windows\System32\msvcrt.dll
0x00007ff8dd6a0000 - 0x00007ff8dd9d5000 	C:\Windows\System32\combase.dll
0x00007ff8dd150000 - 0x00007ff8dd270000 	C:\Windows\System32\RPCRT4.dll
0x00007ff8dac60000 - 0x00007ff8dace0000 	C:\Windows\System32\bcryptPrimitives.dll
0x00007ff8dd270000 - 0x00007ff8dd29e000 	C:\Windows\System32\IMM32.DLL
0x00007ff8b89d0000 - 0x00007ff8b8a6b000 	D:\software\jdk-13\bin\msvcp140.dll
0x00007ff878f50000 - 0x00007ff879ab6000 	D:\software\jdk-13\bin\server\jvm.dll
0x00007ff8dd0a0000 - 0x00007ff8dd143000 	C:\Windows\System32\ADVAPI32.dll
0x00007ff8dcaa0000 - 0x00007ff8dcb37000 	C:\Windows\System32\sechost.dll
0x00007ff8dc840000 - 0x00007ff8dc848000 	C:\Windows\System32\PSAPI.DLL
0x00007ff8d3090000 - 0x00007ff8d3099000 	C:\Windows\SYSTEM32\WSOCK32.dll
0x00007ff8d87d0000 - 0x00007ff8d87f4000 	C:\Windows\SYSTEM32\WINMM.dll
0x00007ff8da5f0000 - 0x00007ff8da5fa000 	C:\Windows\SYSTEM32\VERSION.dll
0x00007ff8dd030000 - 0x00007ff8dd09f000 	C:\Windows\System32\WS2_32.dll
0x00007ff8d87a0000 - 0x00007ff8d87cd000 	C:\Windows\SYSTEM32\winmmbase.dll
0x00007ff8db9b0000 - 0x00007ff8db9fa000 	C:\Windows\System32\cfgmgr32.dll
0x00007ff8daa00000 - 0x00007ff8daa11000 	C:\Windows\System32\kernel.appcore.dll
0x00007ff8d54e0000 - 0x00007ff8d54f0000 	D:\software\jdk-13\bin\verify.dll
0x00007ff8d9370000 - 0x00007ff8d9564000 	C:\Windows\SYSTEM32\DBGHELP.DLL
0x00007ff8c1730000 - 0x00007ff8c175a000 	C:\Windows\SYSTEM32\dbgcore.DLL
0x00007ff8c7c50000 - 0x00007ff8c7c76000 	D:\software\jdk-13\bin\java.dll
0x00007ff8c5970000 - 0x00007ff8c59a8000 	D:\software\jdk-13\bin\jdwp.dll
0x00007ff8cf870000 - 0x00007ff8cf87e000 	D:\software\jdk-13\bin\instrument.dll
0x00007ff8c3730000 - 0x00007ff8c3747000 	D:\software\jdk-13\bin\zip.dll
0x00007ff8cfc90000 - 0x00007ff8cfc9a000 	D:\software\jdk-13\bin\jimage.dll
0x00007ff8dc140000 - 0x00007ff8dc826000 	C:\Windows\System32\SHELL32.dll
0x00007ff8dc9f0000 - 0x00007ff8dca99000 	C:\Windows\System32\shcore.dll
0x00007ff8dae60000 - 0x00007ff8db5e2000 	C:\Windows\System32\windows.storage.dll
0x00007ff8daa90000 - 0x00007ff8daab3000 	C:\Windows\System32\profapi.dll
0x00007ff8daa20000 - 0x00007ff8daa6a000 	C:\Windows\System32\powrprof.dll
0x00007ff8da9f0000 - 0x00007ff8daa00000 	C:\Windows\System32\UMPDC.dll
0x00007ff8dd9e0000 - 0x00007ff8dda32000 	C:\Windows\System32\shlwapi.dll
0x00007ff8dbba0000 - 0x00007ff8dbbb7000 	C:\Windows\System32\cryptsp.dll
0x00007ff8cf860000 - 0x00007ff8cf86b000 	D:\software\jdk-13\bin\dt_socket.dll
0x00007ff8da190000 - 0x00007ff8da1f7000 	C:\Windows\system32\mswsock.dll
0x00007ff8c0eb0000 - 0x00007ff8c0ec9000 	D:\software\jdk-13\bin\net.dll
0x00007ff8cfe10000 - 0x00007ff8cff00000 	C:\Windows\SYSTEM32\WINHTTP.dll
0x00007ff8cae20000 - 0x00007ff8caff6000 	C:\Windows\SYSTEM32\urlmon.dll
0x00007ff8ca9c0000 - 0x00007ff8cac66000 	C:\Windows\SYSTEM32\iertutil.dll
0x00007ff8da360000 - 0x00007ff8da36c000 	C:\Windows\SYSTEM32\CRYPTBASE.DLL
0x00007ff8c0e90000 - 0x00007ff8c0ea3000 	D:\software\jdk-13\bin\nio.dll
0x00007ff8d9ee0000 - 0x00007ff8d9fab000 	C:\Windows\SYSTEM32\DNSAPI.dll
0x00007ff8dcbb0000 - 0x00007ff8dcbb8000 	C:\Windows\System32\NSI.dll
0x00007ff8d9ea0000 - 0x00007ff8d9eda000 	C:\Windows\SYSTEM32\IPHLPAPI.DLL
0x00007ff8d1350000 - 0x00007ff8d135a000 	C:\Windows\System32\rasadhlp.dll
0x00007ff8d1710000 - 0x00007ff8d1787000 	C:\Windows\System32\fwpuclnt.dll
0x00007ff8dace0000 - 0x00007ff8dad06000 	C:\Windows\System32\bcrypt.dll
0x00007ff8cc880000 - 0x00007ff8cc889000 	D:\software\jdk-13\bin\management.dll
0x00007ff8cc180000 - 0x00007ff8cc18b000 	D:\software\jdk-13\bin\management_ext.dll
0x00007ff8d9d00000 - 0x00007ff8d9d33000 	C:\Windows\system32\rsaenh.dll
0x00007ff8da8e0000 - 0x00007ff8da905000 	C:\Windows\SYSTEM32\USERENV.dll
0x00007ff8d1810000 - 0x00007ff8d1826000 	C:\Windows\SYSTEM32\dhcpcsvc6.DLL
0x00007ff8d19f0000 - 0x00007ff8d1a0c000 	C:\Windows\SYSTEM32\dhcpcsvc.DLL
0x00007ff8c2300000 - 0x00007ff8c2316000 	C:\Windows\system32\napinsp.dll
0x00007ff8c1c80000 - 0x00007ff8c1c9a000 	C:\Windows\system32\pnrpnsp.dll
0x00007ff8c7820000 - 0x00007ff8c782e000 	C:\Windows\System32\winrnr.dll
0x00007ff8d2130000 - 0x00007ff8d214c000 	C:\Windows\system32\NLAapi.dll
0x00007ff8d65d0000 - 0x00007ff8d65e5000 	C:\Windows\system32\wshbth.dll

dbghelp: loaded successfully - version: 4.0.5 - missing functions: none
symbol engine: initialized successfully - sym options: 0x614 - pdb path: .;D:\software\jdk-13\bin;C:\Windows\SYSTEM32;C:\Windows\WinSxS\amd64_microsoft.windows.common-controls_6595b64144ccf1df_6.0.18362.959_none_e6c7bbbf130c62bb;D:\software\jdk-13\bin\server

VM Arguments:
jvm_args: -agentlib:jdwp=transport=dt_socket,address=127.0.0.1:52803,suspend=y,server=n -XX:TieredStopAtLevel=1 -Xverify:none -Dspring.output.ansi.enabled=always -Dcom.sun.management.jmxremote -Dspring.jmx.enabled=true -Dspring.liveBeansView.mbeanDomain -Dspring.application.admin.enabled=true -javaagent:C:\Users\64554\AppData\Local\JetBrains\IntelliJIdea2020.1\captureAgent\debugger-agent.jar -Dfile.encoding=UTF-8 
java_command: org.thirteen.datamation.DatamationAppilcation
java_class_path (initial): D:\project\thirteen\thirteen-datamation\target\classes;D:\software\apache-maven-3.5.3\repository\org\springframework\boot\spring-boot-starter-web\2.2.3.RELEASE\spring-boot-starter-web-2.2.3.RELEASE.jar;D:\software\apache-maven-3.5.3\repository\org\springframework\boot\spring-boot-starter\2.2.3.RELEASE\spring-boot-starter-2.2.3.RELEASE.jar;D:\software\apache-maven-3.5.3\repository\org\springframework\boot\spring-boot-autoconfigure\2.2.3.RELEASE\spring-boot-autoconfigure-2.2.3.RELEASE.jar;D:\software\apache-maven-3.5.3\repository\org\springframework\boot\spring-boot-starter-logging\2.2.3.RELEASE\spring-boot-starter-logging-2.2.3.RELEASE.jar;D:\software\apache-maven-3.5.3\repository\ch\qos\logback\logback-classic\1.2.3\logback-classic-1.2.3.jar;D:\software\apache-maven-3.5.3\repository\ch\qos\logback\logback-core\1.2.3\logback-core-1.2.3.jar;D:\software\apache-maven-3.5.3\repository\org\apache\logging\log4j\log4j-to-slf4j\2.12.1\log4j-to-slf4j-2.12.1.jar;D:\software\apache-maven-3.5.3\repository\org\apache\logging\log4j\log4j-api\2.12.1\log4j-api-2.12.1.jar;D:\software\apache-maven-3.5.3\repository\org\slf4j\jul-to-slf4j\1.7.30\jul-to-slf4j-1.7.30.jar;D:\software\apache-maven-3.5.3\repository\jakarta\annotation\jakarta.annotation-api\1.3.5\jakarta.annotation-api-1.3.5.jar;D:\software\apache-maven-3.5.3\repository\org\yaml\snakeyaml\1.25\snakeyaml-1.25.jar;D:\software\apache-maven-3.5.3\repository\org\springframework\boot\spring-boot-starter-json\2.2.3.RELEASE\spring-boot-starter-json-2.2.3.RELEASE.jar;D:\software\apache-maven-3.5.3\repository\com\fasterxml\jackson\core\jackson-databind\2.10.2\jackson-databind-2.10.2.jar;D:\software\apache-maven-3.5.3\repository\com\fasterxml\jackson\core\jackson-core\2.10.2\jackson-core-2.10.2.jar;D:\software\apache-maven-3.5.3\repository\com\fasterxml\jackson\datatype\jackson-datatype-jdk8\2.10.2\jackson-datatype-jdk8-2.10.2.jar;D:\software\apache-maven-3.5.3\repository\com\fasterxml\jackson\datatype\jacks
Launcher Type: SUN_STANDARD

[Global flags]
     intx CICompilerCount                          = 12                                        {product} {ergonomic}
     uint ConcGCThreads                            = 3                                         {product} {ergonomic}
     uint G1ConcRefinementThreads                  = 13                                        {product} {ergonomic}
   size_t G1HeapRegionSize                         = 1048576                                   {product} {ergonomic}
    uintx GCDrainStackTargetSize                   = 64                                        {product} {ergonomic}
   size_t InitialHeapSize                          = 260046848                                 {product} {ergonomic}
     bool ManagementServer                         = true                                      {product} {command line}
   size_t MarkStackSize                            = 4194304                                   {product} {ergonomic}
   size_t MaxHeapSize                              = 4139778048                                {product} {ergonomic}
   size_t MaxNewSize                               = 2483027968                                {product} {ergonomic}
   size_t MinHeapDeltaBytes                        = 1048576                                   {product} {ergonomic}
   size_t MinHeapSize                              = 8388608                                   {product} {ergonomic}
    uintx NonNMethodCodeHeapSize                   = 12163472                               {pd product} {ergonomic}
    uintx NonProfiledCodeHeapSize                  = 239494768                              {pd product} {ergonomic}
    uintx ProfiledCodeHeapSize                     = 0                                      {pd product} {ergonomic}
    uintx ReservedCodeCacheSize                    = 251658240                              {pd product} {ergonomic}
     bool SegmentedCodeCache                       = true                                      {product} {ergonomic}
   size_t SoftMaxHeapSize                          = 4139778048                             {manageable} {ergonomic}
     intx TieredStopAtLevel                        = 1                                         {product} {command line}
     bool UseCompressedClassPointers               = true                                 {lp64_product} {ergonomic}
     bool UseCompressedOops                        = true                                 {lp64_product} {ergonomic}
     bool UseG1GC                                  = true                                      {product} {ergonomic}
     bool UseLargePagesIndividualAllocation        = false                                  {pd product} {ergonomic}

Logging:
Log output configuration:
 #0: stdout all=warning uptime,level,tags
 #1: stderr all=off uptime,level,tags

Environment Variables:
PATH=C:\Program Files (x86)\Common Files\Oracle\Java\javapath;C:\Windows\system32;C:\Windows;C:\Windows\System32\Wbem;C:\Windows\System32\WindowsPowerShell\v1.0\;C:\Windows\System32\OpenSSH\;D:\software\Git\cmd;D:\software\nodejs\;C:\Users\64554\AppData\Local\Microsoft\WindowsApps;C:\Users\64554\AppData\Roaming\npm
USERNAME=64554
OS=Windows_NT
PROCESSOR_IDENTIFIER=AMD64 Family 23 Model 96 Stepping 1, AuthenticAMD



---------------  S Y S T E M  ---------------

OS: Windows 10 , 64 bit Build 18362 (10.0.18362.959)

CPU:total 16 (initial active 16) (16 cores per cpu, 2 threads per core) family 23 model 96 stepping 1, cmov, cx8, fxsr, mmx, sse, sse2, sse3, ssse3, sse4.1, sse4.2, popcnt, avx, avx2, aes, clmul, mmxext, 3dnowpref, lzcnt, sse4a, ht, tsc, tscinvbit, tscinv, bmi1, bmi2, adx, sha, fma

Memory: 4k page, system-wide physical 15790M (7034M free)
TotalPageFile size 18222M (AvailPageFile size 5193M)
current process WorkingSet (physical memory assigned to process): 226M, peak: 236M
current process commit charge ("private bytes"): 281M, peak: 395M

vm_info: OpenJDK 64-Bit Server VM (13+33) for windows-amd64 JRE (13+33), built on Aug  9 2019 11:21:18 by "mach5one" with unknown MS VC++:1916

END.
